This file contains any messages produced by compilers while
running configure, to aid debugging if configure makes a mistake.

It was created by libgpg-error configure 1.56, which was
generated by GNU Autoconf 2.71.  Invocation command line was

  $ ./configure --prefix=/usr/local/libgpg-error-1.56

## --------- ##
## Platform. ##
## --------- ##

hostname = tr2f-VVP
uname -m = x86_64
uname -r = 6.14.0-33-generic
uname -s = Linux
uname -v = #33~24.04.1-Ubuntu SMP PREEMPT_DYNAMIC Fri Sep 19 17:02:30 UTC 2

/usr/bin/uname -p = x86_64
/bin/uname -X     = unknown

/bin/arch              = x86_64
/usr/bin/arch -k       = unknown
/usr/convex/getsysinfo = unknown
/usr/bin/hostinfo      = unknown
/bin/machine           = unknown
/usr/bin/oslevel       = unknown
/bin/universe          = unknown

PATH: /usr/local/sbin/
PATH: /usr/local/bin/
PATH: /usr/sbin/
PATH: /usr/bin/
PATH: /sbin/
PATH: /bin/
PATH: /snap/bin/


## ----------- ##
## Core tests. ##
## ----------- ##

configure:2866: looking for aux files: config.rpath ltmain.sh compile config.guess config.sub missing install-sh
configure:2879:  trying ./build-aux/
configure:2908:   ./build-aux/config.rpath found
configure:2908:   ./build-aux/ltmain.sh found
configure:2908:   ./build-aux/compile found
configure:2908:   ./build-aux/config.guess found
configure:2908:   ./build-aux/config.sub found
configure:2908:   ./build-aux/missing found
configure:2890:   ./build-aux/install-sh found
configure:3056: checking for a BSD-compatible install
configure:3129: result: /usr/bin/install -c
configure:3140: checking whether build environment is sane
configure:3195: result: yes
configure:3354: checking for a race-free mkdir -p
configure:3398: result: /usr/bin/mkdir -p
configure:3405: checking for gawk
configure:3426: found /usr/bin/gawk
configure:3437: result: gawk
configure:3448: checking whether make sets $(MAKE)
configure:3471: result: yes
configure:3501: checking whether make supports nested variables
configure:3519: result: yes
configure:3656: checking whether to enable maintainer-specific portions of Makefiles
configure:3666: result: no
configure:3695: checking whether make supports nested variables
configure:3713: result: yes
configure:3733: checking build system type
configure:3748: result: x86_64-pc-linux-gnu
configure:3768: checking host system type
configure:3782: result: x86_64-pc-linux-gnu
configure:3809: autobuild project... libgpg-error
configure:3815: autobuild revision... 1.56
configure:3820: autobuild hostname... tr2f-VVP
configure:3831: autobuild timestamp... 20251028T001420Z
configure:3899: checking for gcc
configure:3920: found /usr/bin/gcc
configure:3931: result: gcc
configure:4284: checking for C compiler version
configure:4293: gcc --version >&5
gcc (Ubuntu 13.3.0-6ubuntu2~24.04) 13.3.0
Copyright (C) 2023 Free Software Foundation, Inc.
This is free software; see the source for copying conditions.  There is NO
warranty; not even for MERCHANTABILITY or FITNESS FOR A PARTICULAR PURPOSE.

configure:4304: $? = 0
configure:4293: gcc -v >&5
Using built-in specs.
COLLECT_GCC=gcc
COLLECT_LTO_WRAPPER=/usr/libexec/gcc/x86_64-linux-gnu/13/lto-wrapper
OFFLOAD_TARGET_NAMES=nvptx-none:amdgcn-amdhsa
OFFLOAD_TARGET_DEFAULT=1
Target: x86_64-linux-gnu
Configured with: ../src/configure -v --with-pkgversion='Ubuntu 13.3.0-6ubuntu2~24.04' --with-bugurl=file:///usr/share/doc/gcc-13/README.Bugs --enable-languages=c,ada,c++,go,d,fortran,objc,obj-c++,m2 --prefix=/usr --with-gcc-major-version-only --program-suffix=-13 --program-prefix=x86_64-linux-gnu- --enable-shared --enable-linker-build-id --libexecdir=/usr/libexec --without-included-gettext --enable-threads=posix --libdir=/usr/lib --enable-nls --enable-bootstrap --enable-clocale=gnu --enable-libstdcxx-debug --enable-libstdcxx-time=yes --with-default-libstdcxx-abi=new --enable-libstdcxx-backtrace --enable-gnu-unique-object --disable-vtable-verify --enable-plugin --enable-default-pie --with-system-zlib --enable-libphobos-checking=release --with-target-system-zlib=auto --enable-objc-gc=auto --enable-multiarch --disable-werror --enable-cet --with-arch-32=i686 --with-abi=m64 --with-multilib-list=m32,m64,mx32 --enable-multilib --with-tune=generic --enable-offload-targets=nvptx-none=/build/gcc-13-fG75Ri/gcc-13-13.3.0/debian/tmp-nvptx/usr,amdgcn-amdhsa=/build/gcc-13-fG75Ri/gcc-13-13.3.0/debian/tmp-gcn/usr --enable-offload-defaulted --without-cuda-driver --enable-checking=release --build=x86_64-linux-gnu --host=x86_64-linux-gnu --target=x86_64-linux-gnu --with-build-config=bootstrap-lto-lean --enable-link-serialization=2
Thread model: posix
Supported LTO compression algorithms: zlib zstd
gcc version 13.3.0 (Ubuntu 13.3.0-6ubuntu2~24.04) 
... rest of stderr output deleted ...
configure:4304: $? = 0
configure:4293: gcc -V >&5
gcc: error: unrecognized command-line option '-V'
gcc: fatal error: no input files
compilation terminated.
configure:4304: $? = 1
configure:4293: gcc -qversion >&5
gcc: error: unrecognized command-line option '-qversion'; did you mean '--version'?
gcc: fatal error: no input files
compilation terminated.
configure:4304: $? = 1
configure:4293: gcc -version >&5
gcc: error: unrecognized command-line option '-version'
gcc: fatal error: no input files
compilation terminated.
configure:4304: $? = 1
configure:4324: checking whether the C compiler works
configure:4346: gcc    conftest.c  >&5
configure:4350: $? = 0
configure:4400: result: yes
configure:4403: checking for C compiler default output file name
configure:4405: result: a.out
configure:4411: checking for suffix of executables
configure:4418: gcc -o conftest    conftest.c  >&5
configure:4422: $? = 0
configure:4445: result: 
configure:4467: checking whether we are cross compiling
configure:4475: gcc -o conftest    conftest.c  >&5
configure:4479: $? = 0
configure:4486: ./conftest
configure:4490: $? = 0
configure:4505: result: no
configure:4510: checking for suffix of object files
configure:4533: gcc -c   conftest.c >&5
configure:4537: $? = 0
configure:4559: result: o
configure:4563: checking whether the compiler supports GNU C
configure:4583: gcc -c   conftest.c >&5
configure:4583: $? = 0
configure:4593: result: yes
configure:4604: checking whether gcc accepts -g
configure:4625: gcc -c -g  conftest.c >&5
configure:4625: $? = 0
configure:4669: result: yes
configure:4689: checking for gcc option to enable C11 features
configure:4704: gcc  -c -g -O2  conftest.c >&5
configure:4704: $? = 0
configure:4722: result: none needed
configure:4838: checking whether gcc understands -c and -o together
configure:4861: gcc -c conftest.c -o conftest2.o
configure:4864: $? = 0
configure:4861: gcc -c conftest.c -o conftest2.o
configure:4864: $? = 0
configure:4876: result: yes
configure:4896: checking whether make supports the include directive
configure:4911: make -f confmf.GNU && cat confinc.out
this is the am__doit target
configure:4914: $? = 0
configure:4933: result: yes (GNU style)
configure:4959: checking dependency style of gcc
configure:5071: result: gcc3
configure:5092: checking how to run the C preprocessor
configure:5118: gcc -E  conftest.c
configure:5118: $? = 0
configure:5133: gcc -E  conftest.c
conftest.c:11:10: fatal error: ac_nonexistent.h: No such file or directory
   11 | #include <ac_nonexistent.h>
      |          ^~~~~~~~~~~~~~~~~~
compilation terminated.
configure:5133: $? = 1
configure: failed program was:
| /* confdefs.h */
| #define PACKAGE_NAME "libgpg-error"
| #define PACKAGE_TARNAME "libgpg-error"
| #define PACKAGE_VERSION "1.56"
| #define PACKAGE_STRING "libgpg-error 1.56"
| #define PACKAGE_BUGREPORT "https://bugs.gnupg.org"
| #define PACKAGE_URL ""
| #define PACKAGE "libgpg-error"
| #define VERSION "1.56"
| /* end confdefs.h.  */
| #include <ac_nonexistent.h>
configure:5160: result: gcc -E
configure:5174: gcc -E  conftest.c
configure:5174: $? = 0
configure:5189: gcc -E  conftest.c
conftest.c:11:10: fatal error: ac_nonexistent.h: No such file or directory
   11 | #include <ac_nonexistent.h>
      |          ^~~~~~~~~~~~~~~~~~
compilation terminated.
configure:5189: $? = 1
configure: failed program was:
| /* confdefs.h */
| #define PACKAGE_NAME "libgpg-error"
| #define PACKAGE_TARNAME "libgpg-error"
| #define PACKAGE_VERSION "1.56"
| #define PACKAGE_STRING "libgpg-error 1.56"
| #define PACKAGE_BUGREPORT "https://bugs.gnupg.org"
| #define PACKAGE_URL ""
| #define PACKAGE "libgpg-error"
| #define VERSION "1.56"
| /* end confdefs.h.  */
| #include <ac_nonexistent.h>
configure:5223: checking for gawk
configure:5255: result: gawk
configure:5314: checking for ar
configure:5335: found /usr/bin/ar
configure:5346: result: ar
configure:5373: checking for stdio.h
configure:5373: gcc -c -g -O2  conftest.c >&5
configure:5373: $? = 0
configure:5373: result: yes
configure:5373: checking for stdlib.h
configure:5373: gcc -c -g -O2  conftest.c >&5
configure:5373: $? = 0
configure:5373: result: yes
configure:5373: checking for string.h
configure:5373: gcc -c -g -O2  conftest.c >&5
configure:5373: $? = 0
configure:5373: result: yes
configure:5373: checking for inttypes.h
configure:5373: gcc -c -g -O2  conftest.c >&5
configure:5373: $? = 0
configure:5373: result: yes
configure:5373: checking for stdint.h
configure:5373: gcc -c -g -O2  conftest.c >&5
configure:5373: $? = 0
configure:5373: result: yes
configure:5373: checking for strings.h
configure:5373: gcc -c -g -O2  conftest.c >&5
configure:5373: $? = 0
configure:5373: result: yes
configure:5373: checking for sys/stat.h
configure:5373: gcc -c -g -O2  conftest.c >&5
configure:5373: $? = 0
configure:5373: result: yes
configure:5373: checking for sys/types.h
configure:5373: gcc -c -g -O2  conftest.c >&5
configure:5373: $? = 0
configure:5373: result: yes
configure:5373: checking for unistd.h
configure:5373: gcc -c -g -O2  conftest.c >&5
configure:5373: $? = 0
configure:5373: result: yes
configure:5373: checking for wchar.h
configure:5373: gcc -c -g -O2  conftest.c >&5
configure:5373: $? = 0
configure:5373: result: yes
configure:5373: checking for minix/config.h
configure:5373: gcc -c -g -O2  conftest.c >&5
conftest.c:49:10: fatal error: minix/config.h: No such file or directory
   49 | #include <minix/config.h>
      |          ^~~~~~~~~~~~~~~~
compilation terminated.
configure:5373: $? = 1
configure: failed program was:
| /* confdefs.h */
| #define PACKAGE_NAME "libgpg-error"
| #define PACKAGE_TARNAME "libgpg-error"
| #define PACKAGE_VERSION "1.56"
| #define PACKAGE_STRING "libgpg-error 1.56"
| #define PACKAGE_BUGREPORT "https://bugs.gnupg.org"
| #define PACKAGE_URL ""
| #define PACKAGE "libgpg-error"
| #define VERSION "1.56"
| #define HAVE_STDIO_H 1
| #define HAVE_STDLIB_H 1
| #define HAVE_STRING_H 1
| #define HAVE_INTTYPES_H 1
| #define HAVE_STDINT_H 1
| #define HAVE_STRINGS_H 1
| #define HAVE_SYS_STAT_H 1
| #define HAVE_SYS_TYPES_H 1
| #define HAVE_UNISTD_H 1
| #define HAVE_WCHAR_H 1
| /* end confdefs.h.  */
| #include <stddef.h>
| #ifdef HAVE_STDIO_H
| # include <stdio.h>
| #endif
| #ifdef HAVE_STDLIB_H
| # include <stdlib.h>
| #endif
| #ifdef HAVE_STRING_H
| # include <string.h>
| #endif
| #ifdef HAVE_INTTYPES_H
| # include <inttypes.h>
| #endif
| #ifdef HAVE_STDINT_H
| # include <stdint.h>
| #endif
| #ifdef HAVE_STRINGS_H
| # include <strings.h>
| #endif
| #ifdef HAVE_SYS_TYPES_H
| # include <sys/types.h>
| #endif
| #ifdef HAVE_SYS_STAT_H
| # include <sys/stat.h>
| #endif
| #ifdef HAVE_UNISTD_H
| # include <unistd.h>
| #endif
| #include <minix/config.h>
configure:5373: result: no
configure:5373: checking for threads.h
configure:5373: gcc -c -g -O2  conftest.c >&5
configure:5373: $? = 0
configure:5373: result: yes
configure:5404: checking whether it is safe to define __EXTENSIONS__
configure:5423: gcc -c -g -O2  conftest.c >&5
configure:5423: $? = 0
configure:5431: result: yes
configure:5434: checking whether _XOPEN_SOURCE should be defined
configure:5456: gcc -c -g -O2  conftest.c >&5
configure:5456: $? = 0
configure:5483: result: no
configure:5541: checking for nl_langinfo and CODESET
configure:5558: gcc -o conftest -g -O2   conftest.c  >&5
configure:5558: $? = 0
configure:5568: result: yes
configure:5732: checking for special C compiler options needed for large files
configure:5780: result: no
configure:5786: checking for _FILE_OFFSET_BITS value needed for large files
configure:5812: gcc -c -g -O2  conftest.c >&5
configure:5812: $? = 0
configure:5846: result: no
configure:5978: checking how to print strings
configure:6005: result: printf
configure:6026: checking for a sed that does not truncate output
configure:6096: result: /usr/bin/sed
configure:6114: checking for grep that handles long lines and -e
configure:6178: result: /usr/bin/grep
configure:6183: checking for egrep
configure:6251: result: /usr/bin/grep -E
configure:6256: checking for fgrep
configure:6324: result: /usr/bin/grep -F
configure:6360: checking for ld used by gcc
configure:6428: result: /usr/bin/ld
configure:6435: checking if the linker (/usr/bin/ld) is GNU ld
configure:6451: result: yes
configure:6463: checking for BSD- or MS-compatible name lister (nm)
configure:6518: result: /usr/bin/nm -B
configure:6658: checking the name lister (/usr/bin/nm -B) interface
configure:6666: gcc -c -g -O2  conftest.c >&5
configure:6669: /usr/bin/nm -B "conftest.o"
configure:6672: output
0000000000000000 B some_variable
configure:6679: result: BSD nm
configure:6682: checking whether ln -s works
configure:6686: result: yes
configure:6694: checking the maximum length of command line arguments
configure:6826: result: 1572864
configure:6874: checking how to convert x86_64-pc-linux-gnu file names to x86_64-pc-linux-gnu format
configure:6915: result: func_convert_file_noop
configure:6922: checking how to convert x86_64-pc-linux-gnu file names to toolchain format
configure:6943: result: func_convert_file_noop
configure:6950: checking for /usr/bin/ld option to reload object files
configure:6958: result: -r
configure:7037: checking for file
configure:7058: found /usr/bin/file
configure:7069: result: file
configure:7145: checking for objdump
configure:7166: found /usr/bin/objdump
configure:7177: result: objdump
configure:7206: checking how to recognize dependent libraries
configure:7411: result: pass_all
configure:7501: checking for dlltool
configure:7536: result: no
configure:7563: checking how to associate runtime and link libraries
configure:7591: result: printf %s\n
configure:7741: checking for archiver @FILE support
configure:7759: gcc -c -g -O2  conftest.c >&5
configure:7759: $? = 0
configure:7763: ar cr libconftest.a @conftest.lst >&5
configure:7766: $? = 0
configure:7771: ar cr libconftest.a @conftest.lst >&5
ar: conftest.o: No such file or directory
configure:7774: $? = 1
configure:7786: result: @
configure:7849: checking for strip
configure:7870: found /usr/bin/strip
configure:7881: result: strip
configure:7958: checking for ranlib
configure:7979: found /usr/bin/ranlib
configure:7990: result: ranlib
configure:8092: checking command to parse /usr/bin/nm -B output from gcc object
configure:8246: gcc -c -g -O2  conftest.c >&5
configure:8249: $? = 0
configure:8253: /usr/bin/nm -B conftest.o | /usr/bin/sed -n -e 's/^.*[	 ]\([ABCDGIRSTW][ABCDGIRSTW]*\)[	 ][	 ]*\([_A-Za-z][_A-Za-z0-9]*\)$/\1 \2 \2/p' | /usr/bin/sed '/ __gnu_lto/d' > conftest.nm
configure:8319: gcc -o conftest -g -O2   conftest.c conftstm.o >&5
configure:8322: $? = 0
configure:8360: result: ok
configure:8407: checking for sysroot
configure:8438: result: no
configure:8445: checking for a working dd
configure:8489: result: /usr/bin/dd
configure:8493: checking how to truncate binary pipes
configure:8509: result: /usr/bin/dd bs=4096 count=1
configure:8646: gcc -c -g -O2  conftest.c >&5
configure:8649: $? = 0
configure:8846: checking for mt
configure:8867: found /usr/bin/mt
configure:8878: result: mt
configure:8901: checking if mt is a manifest tool
configure:8908: mt '-?'
configure:8916: result: no
configure:9637: checking for dlfcn.h
configure:9637: gcc -c -g -O2  conftest.c >&5
configure:9637: $? = 0
configure:9637: result: yes
configure:10223: checking for objdir
configure:10239: result: .libs
configure:10503: checking if gcc supports -fno-rtti -fno-exceptions
configure:10522: gcc -c -g -O2  -fno-rtti -fno-exceptions conftest.c >&5
cc1: warning: command-line option '-fno-rtti' is valid for C++/D/ObjC++ but not for C
configure:10526: $? = 0
configure:10539: result: no
configure:10903: checking for gcc option to produce PIC
configure:10911: result: -fPIC -DPIC
configure:10919: checking if gcc PIC flag -fPIC -DPIC works
configure:10938: gcc -c -g -O2  -fPIC -DPIC -DPIC conftest.c >&5
configure:10942: $? = 0
configure:10955: result: yes
configure:10984: checking if gcc static flag -static works
configure:11013: result: yes
configure:11028: checking if gcc supports -c -o file.o
configure:11050: gcc -c -g -O2  -o out/conftest2.o conftest.c >&5
configure:11054: $? = 0
configure:11076: result: yes
configure:11084: checking if gcc supports -c -o file.o
configure:11132: result: yes
configure:11165: checking whether the gcc linker (/usr/bin/ld -m elf_x86_64) supports shared libraries
configure:12439: result: yes
configure:12476: checking whether -lc should be explicitly linked in
configure:12485: gcc -c -g -O2  conftest.c >&5
configure:12488: $? = 0
configure:12503: gcc -shared  -fPIC -DPIC conftest.o  -v -Wl,-soname -Wl,conftest -o conftest 2\>\&1 \| /usr/bin/grep  -lc  \>/dev/null 2\>\&1
configure:12506: $? = 0
configure:12520: result: no
configure:12680: checking dynamic linker characteristics
configure:13262: gcc -o conftest -g -O2   -Wl,-rpath -Wl,/foo conftest.c  >&5
configure:13262: $? = 0
configure:13513: result: GNU/Linux ld.so
configure:13635: checking how to hardcode library paths into programs
configure:13660: result: immediate
configure:14212: checking whether stripping libraries is possible
configure:14221: result: yes
configure:14263: checking if libtool supports shared libraries
configure:14265: result: yes
configure:14268: checking whether to build shared libraries
configure:14293: result: yes
configure:14296: checking whether to build static libraries
configure:14300: result: no
configure:14385: checking for windres
configure:14420: result: no
configure:14611: checking whether NLS is requested
configure:14621: result: yes
configure:14661: checking for msgfmt
configure:14697: result: no
configure:14703: checking for gmsgfmt
configure:14739: result: :
configure:14784: checking for xgettext
configure:14820: result: no
configure:14862: checking for msgmerge
configure:14897: result: no
configure:14959: checking for ld
configure:15090: result: /usr/bin/ld -m elf_x86_64
configure:15097: checking if the linker (/usr/bin/ld -m elf_x86_64) is GNU ld
configure:15113: result: yes
configure:15121: checking for shared library run path origin
configure:15135: result: done
configure:15157: checking 32-bit host C ABI
configure:15224: gcc -c -g -O2  conftest.c >&5
configure:15224: $? = 0
configure:15420: result: no
configure:15430: checking for ELF binary format
configure:15454: result: yes
configure:15506: checking for the common suffixes of directories in the library search path
configure:15575: result: lib,lib,lib64
configure:16100: checking for CFPreferencesCopyAppValue
configure:16119: gcc -o conftest -g -O2   conftest.c  -Wl,-framework -Wl,CoreFoundation >&5
conftest.c:42:10: fatal error: CoreFoundation/CFPreferences.h: No such file or directory
   42 | #include <CoreFoundation/CFPreferences.h>
      |          ^~~~~~~~~~~~~~~~~~~~~~~~~~~~~~~~
compilation terminated.
configure:16119: $? = 1
configure: failed program was:
| /* confdefs.h */
| #define PACKAGE_NAME "libgpg-error"
| #define PACKAGE_TARNAME "libgpg-error"
| #define PACKAGE_VERSION "1.56"
| #define PACKAGE_STRING "libgpg-error 1.56"
| #define PACKAGE_BUGREPORT "https://bugs.gnupg.org"
| #define PACKAGE_URL ""
| #define PACKAGE "libgpg-error"
| #define VERSION "1.56"
| #define HAVE_STDIO_H 1
| #define HAVE_STDLIB_H 1
| #define HAVE_STRING_H 1
| #define HAVE_INTTYPES_H 1
| #define HAVE_STDINT_H 1
| #define HAVE_STRINGS_H 1
| #define HAVE_SYS_STAT_H 1
| #define HAVE_SYS_TYPES_H 1
| #define HAVE_UNISTD_H 1
| #define HAVE_WCHAR_H 1
| #define HAVE_THREADS_H 1
| #define STDC_HEADERS 1
| #define _ALL_SOURCE 1
| #define _DARWIN_C_SOURCE 1
| #define _GNU_SOURCE 1
| #define _HPUX_ALT_XOPEN_SOCKET_API 1
| #define _NETBSD_SOURCE 1
| #define _OPENBSD_SOURCE 1
| #define _POSIX_PTHREAD_SEMANTICS 1
| #define __STDC_WANT_IEC_60559_ATTRIBS_EXT__ 1
| #define __STDC_WANT_IEC_60559_BFP_EXT__ 1
| #define __STDC_WANT_IEC_60559_DFP_EXT__ 1
| #define __STDC_WANT_IEC_60559_FUNCS_EXT__ 1
| #define __STDC_WANT_IEC_60559_TYPES_EXT__ 1
| #define __STDC_WANT_LIB_EXT2__ 1
| #define __STDC_WANT_MATH_SPEC_FUNCS__ 1
| #define _TANDEM_SOURCE 1
| #define __EXTENSIONS__ 1
| #define HAVE_LANGINFO_CODESET 1
| #define HAVE_DLFCN_H 1
| #define LT_OBJDIR ".libs/"
| /* end confdefs.h.  */
| #include <CoreFoundation/CFPreferences.h>
| int
| main (void)
| {
| CFPreferencesCopyAppValue(NULL, NULL)
|   ;
|   return 0;
| }
configure:16129: result: no
configure:16136: checking for CFLocaleCopyPreferredLanguages
configure:16155: gcc -o conftest -g -O2   conftest.c  -Wl,-framework -Wl,CoreFoundation >&5
conftest.c:42:10: fatal error: CoreFoundation/CFLocale.h: No such file or directory
   42 | #include <CoreFoundation/CFLocale.h>
      |          ^~~~~~~~~~~~~~~~~~~~~~~~~~~
compilation terminated.
configure:16155: $? = 1
configure: failed program was:
| /* confdefs.h */
| #define PACKAGE_NAME "libgpg-error"
| #define PACKAGE_TARNAME "libgpg-error"
| #define PACKAGE_VERSION "1.56"
| #define PACKAGE_STRING "libgpg-error 1.56"
| #define PACKAGE_BUGREPORT "https://bugs.gnupg.org"
| #define PACKAGE_URL ""
| #define PACKAGE "libgpg-error"
| #define VERSION "1.56"
| #define HAVE_STDIO_H 1
| #define HAVE_STDLIB_H 1
| #define HAVE_STRING_H 1
| #define HAVE_INTTYPES_H 1
| #define HAVE_STDINT_H 1
| #define HAVE_STRINGS_H 1
| #define HAVE_SYS_STAT_H 1
| #define HAVE_SYS_TYPES_H 1
| #define HAVE_UNISTD_H 1
| #define HAVE_WCHAR_H 1
| #define HAVE_THREADS_H 1
| #define STDC_HEADERS 1
| #define _ALL_SOURCE 1
| #define _DARWIN_C_SOURCE 1
| #define _GNU_SOURCE 1
| #define _HPUX_ALT_XOPEN_SOCKET_API 1
| #define _NETBSD_SOURCE 1
| #define _OPENBSD_SOURCE 1
| #define _POSIX_PTHREAD_SEMANTICS 1
| #define __STDC_WANT_IEC_60559_ATTRIBS_EXT__ 1
| #define __STDC_WANT_IEC_60559_BFP_EXT__ 1
| #define __STDC_WANT_IEC_60559_DFP_EXT__ 1
| #define __STDC_WANT_IEC_60559_FUNCS_EXT__ 1
| #define __STDC_WANT_IEC_60559_TYPES_EXT__ 1
| #define __STDC_WANT_LIB_EXT2__ 1
| #define __STDC_WANT_MATH_SPEC_FUNCS__ 1
| #define _TANDEM_SOURCE 1
| #define __EXTENSIONS__ 1
| #define HAVE_LANGINFO_CODESET 1
| #define HAVE_DLFCN_H 1
| #define LT_OBJDIR ".libs/"
| /* end confdefs.h.  */
| #include <CoreFoundation/CFLocale.h>
| int
| main (void)
| {
| CFLocaleCopyPreferredLanguages();
|   ;
|   return 0;
| }
configure:16165: result: no
configure:16215: checking for GNU gettext in libc
configure:16245: gcc -o conftest -g -O2   conftest.c  >&5
configure:16245: $? = 0
configure:16255: result: yes
configure:17154: checking whether to use NLS
configure:17156: result: yes
configure:17159: checking where the gettext function comes from
configure:17170: result: libc
configure:17229: checking for locale.h
configure:17229: gcc -c -g -O2  conftest.c >&5
configure:17229: $? = 0
configure:17229: result: yes
configure:17235: checking for stdint.h
configure:17235: result: yes
configure:17241: checking for sys/select.h
configure:17241: gcc -c -g -O2  conftest.c >&5
configure:17241: $? = 0
configure:17241: result: yes
configure:17247: checking for sys/time.h
configure:17247: gcc -c -g -O2  conftest.c >&5
configure:17247: $? = 0
configure:17247: result: yes
configure:17253: checking for signal.h
configure:17253: gcc -c -g -O2  conftest.c >&5
configure:17253: $? = 0
configure:17253: result: yes
configure:17259: checking for poll.h
configure:17259: gcc -c -g -O2  conftest.c >&5
configure:17259: $? = 0
configure:17259: result: yes
configure:17265: checking for pwd.h
configure:17265: gcc -c -g -O2  conftest.c >&5
configure:17265: $? = 0
configure:17265: result: yes
configure:17273: checking for gcc options needed to detect all undeclared functions
configure:17295: gcc -c -g -O2   conftest.c >&5
conftest.c: In function 'main':
conftest.c:56:8: error: 'strchr' undeclared (first use in this function)
   56 | (void) strchr;
      |        ^~~~~~
conftest.c:1:1: note: 'strchr' is defined in header '<string.h>'; did you forget to '#include <string.h>'?
    1 | /* confdefs.h */
conftest.c:56:8: note: each undeclared identifier is reported only once for each function it appears in
   56 | (void) strchr;
      |        ^~~~~~
configure:17295: $? = 1
configure: failed program was:
| /* confdefs.h */
| #define PACKAGE_NAME "libgpg-error"
| #define PACKAGE_TARNAME "libgpg-error"
| #define PACKAGE_VERSION "1.56"
| #define PACKAGE_STRING "libgpg-error 1.56"
| #define PACKAGE_BUGREPORT "https://bugs.gnupg.org"
| #define PACKAGE_URL ""
| #define PACKAGE "libgpg-error"
| #define VERSION "1.56"
| #define HAVE_STDIO_H 1
| #define HAVE_STDLIB_H 1
| #define HAVE_STRING_H 1
| #define HAVE_INTTYPES_H 1
| #define HAVE_STDINT_H 1
| #define HAVE_STRINGS_H 1
| #define HAVE_SYS_STAT_H 1
| #define HAVE_SYS_TYPES_H 1
| #define HAVE_UNISTD_H 1
| #define HAVE_WCHAR_H 1
| #define HAVE_THREADS_H 1
| #define STDC_HEADERS 1
| #define _ALL_SOURCE 1
| #define _DARWIN_C_SOURCE 1
| #define _GNU_SOURCE 1
| #define _HPUX_ALT_XOPEN_SOCKET_API 1
| #define _NETBSD_SOURCE 1
| #define _OPENBSD_SOURCE 1
| #define _POSIX_PTHREAD_SEMANTICS 1
| #define __STDC_WANT_IEC_60559_ATTRIBS_EXT__ 1
| #define __STDC_WANT_IEC_60559_BFP_EXT__ 1
| #define __STDC_WANT_IEC_60559_DFP_EXT__ 1
| #define __STDC_WANT_IEC_60559_FUNCS_EXT__ 1
| #define __STDC_WANT_IEC_60559_TYPES_EXT__ 1
| #define __STDC_WANT_LIB_EXT2__ 1
| #define __STDC_WANT_MATH_SPEC_FUNCS__ 1
| #define _TANDEM_SOURCE 1
| #define __EXTENSIONS__ 1
| #define HAVE_LANGINFO_CODESET 1
| #define HAVE_DLFCN_H 1
| #define LT_OBJDIR ".libs/"
| #define ENABLE_NLS 1
| #define HAVE_GETTEXT 1
| #define HAVE_DCGETTEXT 1
| #define HAVE_LOCALE_H 1
| #define HAVE_STDINT_H 1
| #define HAVE_SYS_SELECT_H 1
| #define HAVE_SYS_TIME_H 1
| #define HAVE_SIGNAL_H 1
| #define HAVE_POLL_H 1
| #define HAVE_PWD_H 1
| /* end confdefs.h.  */
| 
| int
| main (void)
| {
| (void) strchr;
|   ;
|   return 0;
| }
configure:17322: gcc -c -g -O2   conftest.c >&5
configure:17322: $? = 0
configure:17339: result: none needed
configure:17353: checking whether strerror_r is declared
configure:17353: gcc -c -g -O2   conftest.c >&5
configure:17353: $? = 0
configure:17353: result: yes
configure:17372: checking whether strerror_r returns char *
configure:17397: gcc -c -g -O2  conftest.c >&5
configure:17397: $? = 0
configure:17406: result: yes
configure:17431: checking for strerror_r
configure:17431: gcc -o conftest -g -O2   conftest.c  >&5
configure:17431: $? = 0
configure:17431: result: yes
configure:17448: checking for flockfile
configure:17448: gcc -o conftest -g -O2   conftest.c  >&5
configure:17448: $? = 0
configure:17448: result: yes
configure:17454: checking for vasprintf
configure:17454: gcc -o conftest -g -O2   conftest.c  >&5
configure:17454: $? = 0
configure:17454: result: yes
configure:17460: checking for mmap
configure:17460: gcc -o conftest -g -O2   conftest.c  >&5
configure:17460: $? = 0
configure:17460: result: yes
configure:17466: checking for rand
configure:17466: gcc -o conftest -g -O2   conftest.c  >&5
configure:17466: $? = 0
configure:17466: result: yes
configure:17472: checking for strlwr
configure:17472: gcc -o conftest -g -O2   conftest.c  >&5
/usr/bin/ld: /tmp/ccDzvRP7.o: in function `main':
/home/tr2f/Downloads/libgpg-error-1.56/conftest.c:86:(.text.startup+0xb): undefined reference to `strlwr'
collect2: error: ld returned 1 exit status
configure:17472: $? = 1
configure: failed program was:
| /* confdefs.h */
| #define PACKAGE_NAME "libgpg-error"
| #define PACKAGE_TARNAME "libgpg-error"
| #define PACKAGE_VERSION "1.56"
| #define PACKAGE_STRING "libgpg-error 1.56"
| #define PACKAGE_BUGREPORT "https://bugs.gnupg.org"
| #define PACKAGE_URL ""
| #define PACKAGE "libgpg-error"
| #define VERSION "1.56"
| #define HAVE_STDIO_H 1
| #define HAVE_STDLIB_H 1
| #define HAVE_STRING_H 1
| #define HAVE_INTTYPES_H 1
| #define HAVE_STDINT_H 1
| #define HAVE_STRINGS_H 1
| #define HAVE_SYS_STAT_H 1
| #define HAVE_SYS_TYPES_H 1
| #define HAVE_UNISTD_H 1
| #define HAVE_WCHAR_H 1
| #define HAVE_THREADS_H 1
| #define STDC_HEADERS 1
| #define _ALL_SOURCE 1
| #define _DARWIN_C_SOURCE 1
| #define _GNU_SOURCE 1
| #define _HPUX_ALT_XOPEN_SOCKET_API 1
| #define _NETBSD_SOURCE 1
| #define _OPENBSD_SOURCE 1
| #define _POSIX_PTHREAD_SEMANTICS 1
| #define __STDC_WANT_IEC_60559_ATTRIBS_EXT__ 1
| #define __STDC_WANT_IEC_60559_BFP_EXT__ 1
| #define __STDC_WANT_IEC_60559_DFP_EXT__ 1
| #define __STDC_WANT_IEC_60559_FUNCS_EXT__ 1
| #define __STDC_WANT_IEC_60559_TYPES_EXT__ 1
| #define __STDC_WANT_LIB_EXT2__ 1
| #define __STDC_WANT_MATH_SPEC_FUNCS__ 1
| #define _TANDEM_SOURCE 1
| #define __EXTENSIONS__ 1
| #define HAVE_LANGINFO_CODESET 1
| #define HAVE_DLFCN_H 1
| #define LT_OBJDIR ".libs/"
| #define ENABLE_NLS 1
| #define HAVE_GETTEXT 1
| #define HAVE_DCGETTEXT 1
| #define HAVE_LOCALE_H 1
| #define HAVE_STDINT_H 1
| #define HAVE_SYS_SELECT_H 1
| #define HAVE_SYS_TIME_H 1
| #define HAVE_SIGNAL_H 1
| #define HAVE_POLL_H 1
| #define HAVE_PWD_H 1
| #define HAVE_DECL_STRERROR_R 1
| #define HAVE_STRERROR_R 1
| #define STRERROR_R_CHAR_P 1
| #define HAVE_FLOCKFILE 1
| #define HAVE_VASPRINTF 1
| #define HAVE_MMAP 1
| #define HAVE_RAND 1
| /* end confdefs.h.  */
| /* Define strlwr to an innocuous variant, in case <limits.h> declares strlwr.
|    For example, HP-UX 11i <limits.h> declares gettimeofday.  */
| #define strlwr innocuous_strlwr
| 
| /* System header to define __stub macros and hopefully few prototypes,
|    which can conflict with char strlwr (); below.  */
| 
| #include <limits.h>
| #undef strlwr
| 
| /* Override any GCC internal prototype to avoid an error.
|    Use char because int might match the return type of a GCC
|    builtin and then its argument prototype would still apply.  */
| #ifdef __cplusplus
| extern "C"
| #endif
| char strlwr ();
| /* The GNU C library defines this for functions which it implements
|     to always fail with ENOSYS.  Some functions are actually named
|     something starting with __ and the normal name is an alias.  */
| #if defined __stub_strlwr || defined __stub___strlwr
| choke me
| #endif
| 
| int
| main (void)
| {
| return strlwr ();
|   ;
|   return 0;
| }
configure:17472: result: no
configure:17478: checking for stpcpy
configure:17478: gcc -o conftest -g -O2   conftest.c  >&5
conftest.c:75:6: warning: conflicting types for built-in function 'stpcpy'; expected 'char *(char *, const char *)' [-Wbuiltin-declaration-mismatch]
   75 | char stpcpy ();
      |      ^~~~~~
configure:17478: $? = 0
configure:17478: result: yes
configure:17484: checking for setenv
configure:17484: gcc -o conftest -g -O2   conftest.c  >&5
configure:17484: $? = 0
configure:17484: result: yes
configure:17490: checking for stat
configure:17490: gcc -o conftest -g -O2   conftest.c  >&5
configure:17490: $? = 0
configure:17490: result: yes
configure:17496: checking for getrlimit
configure:17496: gcc -o conftest -g -O2   conftest.c  >&5
configure:17496: $? = 0
configure:17496: result: yes
configure:17502: checking for getpwnam
configure:17502: gcc -o conftest -g -O2   conftest.c  >&5
configure:17502: $? = 0
configure:17502: result: yes
configure:17508: checking for getpwuid
configure:17508: gcc -o conftest -g -O2   conftest.c  >&5
configure:17508: $? = 0
configure:17508: result: yes
configure:17514: checking for getpwnam_r
configure:17514: gcc -o conftest -g -O2   conftest.c  >&5
configure:17514: $? = 0
configure:17514: result: yes
configure:17520: checking for getpwuid_r
configure:17520: gcc -o conftest -g -O2   conftest.c  >&5
configure:17520: $? = 0
configure:17520: result: yes
configure:17526: checking for inet_pton
configure:17526: gcc -o conftest -g -O2   conftest.c  >&5
configure:17526: $? = 0
configure:17526: result: yes
configure:17532: checking for getdents64
configure:17532: gcc -o conftest -g -O2   conftest.c  >&5
configure:17532: $? = 0
configure:17532: result: yes
configure:17538: checking for closefrom
configure:17538: gcc -o conftest -g -O2   conftest.c  >&5
configure:17538: $? = 0
configure:17538: result: yes
configure:17550: checking for an ANSI C-conforming const
configure:17617: gcc -c -g -O2  conftest.c >&5
configure:17617: $? = 0
configure:17625: result: yes
configure:17638: checking size of int
configure:17644: gcc -o conftest -g -O2   conftest.c  >&5
configure:17644: $? = 0
configure:17644: ./conftest
configure:17644: $? = 0
configure:17659: result: 4
configure:17671: checking size of long
configure:17677: gcc -o conftest -g -O2   conftest.c  >&5
configure:17677: $? = 0
configure:17677: ./conftest
configure:17677: $? = 0
configure:17692: result: 8
configure:17704: checking size of long long
configure:17710: gcc -o conftest -g -O2   conftest.c  >&5
configure:17710: $? = 0
configure:17710: ./conftest
configure:17710: $? = 0
configure:17725: result: 8
configure:17734: checking for sys/stat.h
configure:17734: result: yes
configure:17740: checking for unistd.h
configure:17740: result: yes
configure:17746: checking for direct.h
configure:17746: gcc -c -g -O2  conftest.c >&5
conftest.c:103:10: fatal error: direct.h: No such file or directory
  103 | #include <direct.h>
      |          ^~~~~~~~~~
compilation terminated.
configure:17746: $? = 1
configure: failed program was:
| /* confdefs.h */
| #define PACKAGE_NAME "libgpg-error"
| #define PACKAGE_TARNAME "libgpg-error"
| #define PACKAGE_VERSION "1.56"
| #define PACKAGE_STRING "libgpg-error 1.56"
| #define PACKAGE_BUGREPORT "https://bugs.gnupg.org"
| #define PACKAGE_URL ""
| #define PACKAGE "libgpg-error"
| #define VERSION "1.56"
| #define HAVE_STDIO_H 1
| #define HAVE_STDLIB_H 1
| #define HAVE_STRING_H 1
| #define HAVE_INTTYPES_H 1
| #define HAVE_STDINT_H 1
| #define HAVE_STRINGS_H 1
| #define HAVE_SYS_STAT_H 1
| #define HAVE_SYS_TYPES_H 1
| #define HAVE_UNISTD_H 1
| #define HAVE_WCHAR_H 1
| #define HAVE_THREADS_H 1
| #define STDC_HEADERS 1
| #define _ALL_SOURCE 1
| #define _DARWIN_C_SOURCE 1
| #define _GNU_SOURCE 1
| #define _HPUX_ALT_XOPEN_SOCKET_API 1
| #define _NETBSD_SOURCE 1
| #define _OPENBSD_SOURCE 1
| #define _POSIX_PTHREAD_SEMANTICS 1
| #define __STDC_WANT_IEC_60559_ATTRIBS_EXT__ 1
| #define __STDC_WANT_IEC_60559_BFP_EXT__ 1
| #define __STDC_WANT_IEC_60559_DFP_EXT__ 1
| #define __STDC_WANT_IEC_60559_FUNCS_EXT__ 1
| #define __STDC_WANT_IEC_60559_TYPES_EXT__ 1
| #define __STDC_WANT_LIB_EXT2__ 1
| #define __STDC_WANT_MATH_SPEC_FUNCS__ 1
| #define _TANDEM_SOURCE 1
| #define __EXTENSIONS__ 1
| #define HAVE_LANGINFO_CODESET 1
| #define HAVE_DLFCN_H 1
| #define LT_OBJDIR ".libs/"
| #define ENABLE_NLS 1
| #define HAVE_GETTEXT 1
| #define HAVE_DCGETTEXT 1
| #define HAVE_LOCALE_H 1
| #define HAVE_STDINT_H 1
| #define HAVE_SYS_SELECT_H 1
| #define HAVE_SYS_TIME_H 1
| #define HAVE_SIGNAL_H 1
| #define HAVE_POLL_H 1
| #define HAVE_PWD_H 1
| #define HAVE_DECL_STRERROR_R 1
| #define HAVE_STRERROR_R 1
| #define STRERROR_R_CHAR_P 1
| #define HAVE_FLOCKFILE 1
| #define HAVE_VASPRINTF 1
| #define HAVE_MMAP 1
| #define HAVE_RAND 1
| #define HAVE_STPCPY 1
| #define HAVE_SETENV 1
| #define HAVE_STAT 1
| #define HAVE_GETRLIMIT 1
| #define HAVE_GETPWNAM 1
| #define HAVE_GETPWUID 1
| #define HAVE_GETPWNAM_R 1
| #define HAVE_GETPWUID_R 1
| #define HAVE_INET_PTON 1
| #define HAVE_GETDENTS64 1
| #define HAVE_CLOSEFROM 1
| #define SIZEOF_INT 4
| #define SIZEOF_LONG 8
| #define SIZEOF_LONG_LONG 8
| #define HAVE_SYS_STAT_H 1
| #define HAVE_UNISTD_H 1
| /* end confdefs.h.  */
| #include <stddef.h>
| #ifdef HAVE_STDIO_H
| # include <stdio.h>
| #endif
| #ifdef HAVE_STDLIB_H
| # include <stdlib.h>
| #endif
| #ifdef HAVE_STRING_H
| # include <string.h>
| #endif
| #ifdef HAVE_INTTYPES_H
| # include <inttypes.h>
| #endif
| #ifdef HAVE_STDINT_H
| # include <stdint.h>
| #endif
| #ifdef HAVE_STRINGS_H
| # include <strings.h>
| #endif
| #ifdef HAVE_SYS_TYPES_H
| # include <sys/types.h>
| #endif
| #ifdef HAVE_SYS_STAT_H
| # include <sys/stat.h>
| #endif
| #ifdef HAVE_UNISTD_H
| # include <unistd.h>
| #endif
| #include <direct.h>
configure:17746: result: no
configure:17753: checking if mkdir takes one argument
configure:17780: gcc -c -g -O2  conftest.c >&5
configure:17780: $? = 0
configure:17788: result: no
configure:17822: checking for cc features
configure:17827: checking if gcc ignores unknown -Wno-* options
configure:17843: gcc -c -g -O2  conftest.c >&5
configure:17843: $? = 0
configure:17850: result: yes
configure:17928: checking if gcc supports -Wpointer-arith
configure:17943: gcc -c -Wpointer-arith  conftest.c >&5
configure:17943: $? = 0
configure:17950: result: yes
configure:17969: checking whether the GCC style aligned attribute is supported
configure:17980: gcc -c -g -O2 -Wall -Wpointer-arith -Wno-psabi  conftest.c >&5
configure:17980: $? = 0
configure:17986: result: yes
configure:17997: checking whether the visibility attribute is supported
configure:18021: result: yes
configure:18024: checking for broken visibility attribute
configure:18049: result: no
configure:18053: checking for broken alias attribute
configure:18080: result: no
configure:18084: checking if gcc supports -fvisibility=hidden
configure:18104: gcc -c -fvisibility=hidden  conftest.c >&5
configure:18104: $? = 0
configure:18112: result: yes
configure:18188: checking whether imported symbols can be declared weak
configure:18207: gcc -o conftest -g -O2 -Wall -Wpointer-arith -Wno-psabi -fvisibility=hidden   conftest.c  >&5
configure:18207: $? = 0
configure:18244: gcc -o conftest -g -O2 -Wall -Wpointer-arith -Wno-psabi -fvisibility=hidden   conftest.c  >&5
configure:18244: $? = 0
configure:18244: ./conftest
configure:18244: $? = 0
configure:18281: result: yes
configure:18310: checking for pthread.h
configure:18310: gcc -c -g -O2 -Wall -Wpointer-arith -Wno-psabi -fvisibility=hidden  conftest.c >&5
configure:18310: $? = 0
configure:18310: result: yes
configure:18347: gcc -o conftest -g -O2 -Wall -Wpointer-arith -Wno-psabi -fvisibility=hidden   conftest.c   >&5
configure:18347: $? = 0
configure:18358: gl_pthread_api=yes
configure:18359: LIBPTHREAD=
configure:18385: gl_pthread_in_glibc=yes
configure:18392: checking for pthread_kill in -lpthread
configure:18415: gcc -o conftest -g -O2 -Wall -Wpointer-arith -Wno-psabi -fvisibility=hidden   conftest.c -lpthread   >&5
configure:18415: $? = 0
configure:18425: result: yes
configure:18539: LIBPMULTITHREAD=
configure:18541: checking whether POSIX threads API is available
configure:18543: result: yes
configure:18564: gcc -o conftest -g -O2 -Wall -Wpointer-arith -Wno-psabi -fvisibility=hidden   conftest.c  >&5
configure:18564: $? = 0
configure:19165: checking for multithread API to use
configure:19167: result: posix
configure:19183: checking for pthread_rwlock_t
configure:19183: gcc -c -g -O2 -Wall -Wpointer-arith -Wno-psabi -fvisibility=hidden  conftest.c >&5
configure:19183: $? = 0
configure:19183: gcc -c -g -O2 -Wall -Wpointer-arith -Wno-psabi -fvisibility=hidden  conftest.c >&5
conftest.c: In function 'main':
conftest.c:87:31: error: expected expression before ')' token
   87 | if (sizeof ((pthread_rwlock_t)))
      |                               ^
configure:19183: $? = 1
configure: failed program was:
| /* confdefs.h */
| #define PACKAGE_NAME "libgpg-error"
| #define PACKAGE_TARNAME "libgpg-error"
| #define PACKAGE_VERSION "1.56"
| #define PACKAGE_STRING "libgpg-error 1.56"
| #define PACKAGE_BUGREPORT "https://bugs.gnupg.org"
| #define PACKAGE_URL ""
| #define PACKAGE "libgpg-error"
| #define VERSION "1.56"
| #define HAVE_STDIO_H 1
| #define HAVE_STDLIB_H 1
| #define HAVE_STRING_H 1
| #define HAVE_INTTYPES_H 1
| #define HAVE_STDINT_H 1
| #define HAVE_STRINGS_H 1
| #define HAVE_SYS_STAT_H 1
| #define HAVE_SYS_TYPES_H 1
| #define HAVE_UNISTD_H 1
| #define HAVE_WCHAR_H 1
| #define HAVE_THREADS_H 1
| #define STDC_HEADERS 1
| #define _ALL_SOURCE 1
| #define _DARWIN_C_SOURCE 1
| #define _GNU_SOURCE 1
| #define _HPUX_ALT_XOPEN_SOCKET_API 1
| #define _NETBSD_SOURCE 1
| #define _OPENBSD_SOURCE 1
| #define _POSIX_PTHREAD_SEMANTICS 1
| #define __STDC_WANT_IEC_60559_ATTRIBS_EXT__ 1
| #define __STDC_WANT_IEC_60559_BFP_EXT__ 1
| #define __STDC_WANT_IEC_60559_DFP_EXT__ 1
| #define __STDC_WANT_IEC_60559_FUNCS_EXT__ 1
| #define __STDC_WANT_IEC_60559_TYPES_EXT__ 1
| #define __STDC_WANT_LIB_EXT2__ 1
| #define __STDC_WANT_MATH_SPEC_FUNCS__ 1
| #define _TANDEM_SOURCE 1
| #define __EXTENSIONS__ 1
| #define HAVE_LANGINFO_CODESET 1
| #define HAVE_DLFCN_H 1
| #define LT_OBJDIR ".libs/"
| #define ENABLE_NLS 1
| #define HAVE_GETTEXT 1
| #define HAVE_DCGETTEXT 1
| #define HAVE_LOCALE_H 1
| #define HAVE_STDINT_H 1
| #define HAVE_SYS_SELECT_H 1
| #define HAVE_SYS_TIME_H 1
| #define HAVE_SIGNAL_H 1
| #define HAVE_POLL_H 1
| #define HAVE_PWD_H 1
| #define HAVE_DECL_STRERROR_R 1
| #define HAVE_STRERROR_R 1
| #define STRERROR_R_CHAR_P 1
| #define HAVE_FLOCKFILE 1
| #define HAVE_VASPRINTF 1
| #define HAVE_MMAP 1
| #define HAVE_RAND 1
| #define HAVE_STPCPY 1
| #define HAVE_SETENV 1
| #define HAVE_STAT 1
| #define HAVE_GETRLIMIT 1
| #define HAVE_GETPWNAM 1
| #define HAVE_GETPWUID 1
| #define HAVE_GETPWNAM_R 1
| #define HAVE_GETPWUID_R 1
| #define HAVE_INET_PTON 1
| #define HAVE_GETDENTS64 1
| #define HAVE_CLOSEFROM 1
| #define SIZEOF_INT 4
| #define SIZEOF_LONG 8
| #define SIZEOF_LONG_LONG 8
| #define HAVE_SYS_STAT_H 1
| #define HAVE_UNISTD_H 1
| #define REPLACEMENT_FOR_OFF_T "long"
| #define HAVE_GCC_ATTRIBUTE_ALIGNED 1
| #define GPGRT_USE_VISIBILITY 1
| #define HAVE_WEAK_SYMBOLS 1
| #define HAVE_PTHREAD_API 1
| #define USE_POSIX_THREADS 1
| #define USE_POSIX_THREADS_FROM_LIBC 1
| /* end confdefs.h.  */
| #include <pthread.h>
| 
| int
| main (void)
| {
| if (sizeof ((pthread_rwlock_t)))
| 	    return 0;
|   ;
|   return 0;
| }
configure:19183: result: yes
configure:19215: gcc -c -g -O2 -Wall -Wpointer-arith -Wno-psabi -fvisibility=hidden  conftest.c >&5
configure:19215: $? = 0
configure:19230: checking size of pthread_mutex_t
configure:19236: gcc -o conftest -g -O2 -Wall -Wpointer-arith -Wno-psabi -fvisibility=hidden   conftest.c  >&5
configure:19236: $? = 0
configure:19236: ./conftest
configure:19236: $? = 0
configure:19253: result: 40
configure:19261: checking for sys/single_threaded.h
configure:19261: gcc -c -g -O2 -Wall -Wpointer-arith -Wno-psabi -fvisibility=hidden  conftest.c >&5
configure:19261: $? = 0
configure:19261: result: yes
configure:19279: checking for library containing sched_yield
configure:19309: gcc -o conftest -g -O2 -Wall -Wpointer-arith -Wno-psabi -fvisibility=hidden   conftest.c  >&5
configure:19309: $? = 0
configure:19329: result: none required
configure:19344: checking for library containing inet_addr
configure:19374: gcc -o conftest -g -O2 -Wall -Wpointer-arith -Wno-psabi -fvisibility=hidden   conftest.c  >&5
configure:19374: $? = 0
configure:19394: result: none required
configure:19405: checking for library containing socket
configure:19435: gcc -o conftest -g -O2 -Wall -Wpointer-arith -Wno-psabi -fvisibility=hidden   conftest.c  >&5
configure:19435: $? = 0
configure:19455: result: none required
configure:19494: checking whether readline via "-lreadline" is present and sane
configure:19519: gcc -o conftest -g -O2 -Wall -Wpointer-arith -Wno-psabi -fvisibility=hidden   conftest.c  -lreadline >&5
conftest.c:88:10: fatal error: readline/readline.h: No such file or directory
   88 | #include <readline/readline.h>
      |          ^~~~~~~~~~~~~~~~~~~~~
compilation terminated.
configure:19519: $? = 1
configure: failed program was:
| /* confdefs.h */
| #define PACKAGE_NAME "libgpg-error"
| #define PACKAGE_TARNAME "libgpg-error"
| #define PACKAGE_VERSION "1.56"
| #define PACKAGE_STRING "libgpg-error 1.56"
| #define PACKAGE_BUGREPORT "https://bugs.gnupg.org"
| #define PACKAGE_URL ""
| #define PACKAGE "libgpg-error"
| #define VERSION "1.56"
| #define HAVE_STDIO_H 1
| #define HAVE_STDLIB_H 1
| #define HAVE_STRING_H 1
| #define HAVE_INTTYPES_H 1
| #define HAVE_STDINT_H 1
| #define HAVE_STRINGS_H 1
| #define HAVE_SYS_STAT_H 1
| #define HAVE_SYS_TYPES_H 1
| #define HAVE_UNISTD_H 1
| #define HAVE_WCHAR_H 1
| #define HAVE_THREADS_H 1
| #define STDC_HEADERS 1
| #define _ALL_SOURCE 1
| #define _DARWIN_C_SOURCE 1
| #define _GNU_SOURCE 1
| #define _HPUX_ALT_XOPEN_SOCKET_API 1
| #define _NETBSD_SOURCE 1
| #define _OPENBSD_SOURCE 1
| #define _POSIX_PTHREAD_SEMANTICS 1
| #define __STDC_WANT_IEC_60559_ATTRIBS_EXT__ 1
| #define __STDC_WANT_IEC_60559_BFP_EXT__ 1
| #define __STDC_WANT_IEC_60559_DFP_EXT__ 1
| #define __STDC_WANT_IEC_60559_FUNCS_EXT__ 1
| #define __STDC_WANT_IEC_60559_TYPES_EXT__ 1
| #define __STDC_WANT_LIB_EXT2__ 1
| #define __STDC_WANT_MATH_SPEC_FUNCS__ 1
| #define _TANDEM_SOURCE 1
| #define __EXTENSIONS__ 1
| #define HAVE_LANGINFO_CODESET 1
| #define HAVE_DLFCN_H 1
| #define LT_OBJDIR ".libs/"
| #define ENABLE_NLS 1
| #define HAVE_GETTEXT 1
| #define HAVE_DCGETTEXT 1
| #define HAVE_LOCALE_H 1
| #define HAVE_STDINT_H 1
| #define HAVE_SYS_SELECT_H 1
| #define HAVE_SYS_TIME_H 1
| #define HAVE_SIGNAL_H 1
| #define HAVE_POLL_H 1
| #define HAVE_PWD_H 1
| #define HAVE_DECL_STRERROR_R 1
| #define HAVE_STRERROR_R 1
| #define STRERROR_R_CHAR_P 1
| #define HAVE_FLOCKFILE 1
| #define HAVE_VASPRINTF 1
| #define HAVE_MMAP 1
| #define HAVE_RAND 1
| #define HAVE_STPCPY 1
| #define HAVE_SETENV 1
| #define HAVE_STAT 1
| #define HAVE_GETRLIMIT 1
| #define HAVE_GETPWNAM 1
| #define HAVE_GETPWUID 1
| #define HAVE_GETPWNAM_R 1
| #define HAVE_GETPWUID_R 1
| #define HAVE_INET_PTON 1
| #define HAVE_GETDENTS64 1
| #define HAVE_CLOSEFROM 1
| #define SIZEOF_INT 4
| #define SIZEOF_LONG 8
| #define SIZEOF_LONG_LONG 8
| #define HAVE_SYS_STAT_H 1
| #define HAVE_UNISTD_H 1
| #define REPLACEMENT_FOR_OFF_T "long"
| #define HAVE_GCC_ATTRIBUTE_ALIGNED 1
| #define GPGRT_USE_VISIBILITY 1
| #define HAVE_WEAK_SYMBOLS 1
| #define HAVE_PTHREAD_API 1
| #define USE_POSIX_THREADS 1
| #define USE_POSIX_THREADS_FROM_LIBC 1
| #define HAVE_PTHREAD_RWLOCK 1
| #define HAVE_PTHREAD_MUTEX_RECURSIVE 1
| #define SIZEOF_PTHREAD_MUTEX_T 40
| #define HAVE_SYS_SINGLE_THREADED_H 1
| /* end confdefs.h.  */
| 
| #include <stdio.h>
| #include <readline/readline.h>
| #include <readline/history.h>
| 
| int
| main (void)
| {
| 
| rl_completion_func_t *completer;
| add_history("foobar");
| rl_catch_signals=0;
| rl_inhibit_completion=0;
| rl_attempted_completion_function=NULL;
| rl_completion_matches(NULL,NULL);
| 
|   ;
|   return 0;
| }
configure:19528: result: no
configure:19494: checking whether readline via "-lreadline -ltermcap" is present and sane
configure:19519: gcc -o conftest -g -O2 -Wall -Wpointer-arith -Wno-psabi -fvisibility=hidden   conftest.c  -lreadline -ltermcap >&5
conftest.c:88:10: fatal error: readline/readline.h: No such file or directory
   88 | #include <readline/readline.h>
      |          ^~~~~~~~~~~~~~~~~~~~~
compilation terminated.
configure:19519: $? = 1
configure: failed program was:
| /* confdefs.h */
| #define PACKAGE_NAME "libgpg-error"
| #define PACKAGE_TARNAME "libgpg-error"
| #define PACKAGE_VERSION "1.56"
| #define PACKAGE_STRING "libgpg-error 1.56"
| #define PACKAGE_BUGREPORT "https://bugs.gnupg.org"
| #define PACKAGE_URL ""
| #define PACKAGE "libgpg-error"
| #define VERSION "1.56"
| #define HAVE_STDIO_H 1
| #define HAVE_STDLIB_H 1
| #define HAVE_STRING_H 1
| #define HAVE_INTTYPES_H 1
| #define HAVE_STDINT_H 1
| #define HAVE_STRINGS_H 1
| #define HAVE_SYS_STAT_H 1
| #define HAVE_SYS_TYPES_H 1
| #define HAVE_UNISTD_H 1
| #define HAVE_WCHAR_H 1
| #define HAVE_THREADS_H 1
| #define STDC_HEADERS 1
| #define _ALL_SOURCE 1
| #define _DARWIN_C_SOURCE 1
| #define _GNU_SOURCE 1
| #define _HPUX_ALT_XOPEN_SOCKET_API 1
| #define _NETBSD_SOURCE 1
| #define _OPENBSD_SOURCE 1
| #define _POSIX_PTHREAD_SEMANTICS 1
| #define __STDC_WANT_IEC_60559_ATTRIBS_EXT__ 1
| #define __STDC_WANT_IEC_60559_BFP_EXT__ 1
| #define __STDC_WANT_IEC_60559_DFP_EXT__ 1
| #define __STDC_WANT_IEC_60559_FUNCS_EXT__ 1
| #define __STDC_WANT_IEC_60559_TYPES_EXT__ 1
| #define __STDC_WANT_LIB_EXT2__ 1
| #define __STDC_WANT_MATH_SPEC_FUNCS__ 1
| #define _TANDEM_SOURCE 1
| #define __EXTENSIONS__ 1
| #define HAVE_LANGINFO_CODESET 1
| #define HAVE_DLFCN_H 1
| #define LT_OBJDIR ".libs/"
| #define ENABLE_NLS 1
| #define HAVE_GETTEXT 1
| #define HAVE_DCGETTEXT 1
| #define HAVE_LOCALE_H 1
| #define HAVE_STDINT_H 1
| #define HAVE_SYS_SELECT_H 1
| #define HAVE_SYS_TIME_H 1
| #define HAVE_SIGNAL_H 1
| #define HAVE_POLL_H 1
| #define HAVE_PWD_H 1
| #define HAVE_DECL_STRERROR_R 1
| #define HAVE_STRERROR_R 1
| #define STRERROR_R_CHAR_P 1
| #define HAVE_FLOCKFILE 1
| #define HAVE_VASPRINTF 1
| #define HAVE_MMAP 1
| #define HAVE_RAND 1
| #define HAVE_STPCPY 1
| #define HAVE_SETENV 1
| #define HAVE_STAT 1
| #define HAVE_GETRLIMIT 1
| #define HAVE_GETPWNAM 1
| #define HAVE_GETPWUID 1
| #define HAVE_GETPWNAM_R 1
| #define HAVE_GETPWUID_R 1
| #define HAVE_INET_PTON 1
| #define HAVE_GETDENTS64 1
| #define HAVE_CLOSEFROM 1
| #define SIZEOF_INT 4
| #define SIZEOF_LONG 8
| #define SIZEOF_LONG_LONG 8
| #define HAVE_SYS_STAT_H 1
| #define HAVE_UNISTD_H 1
| #define REPLACEMENT_FOR_OFF_T "long"
| #define HAVE_GCC_ATTRIBUTE_ALIGNED 1
| #define GPGRT_USE_VISIBILITY 1
| #define HAVE_WEAK_SYMBOLS 1
| #define HAVE_PTHREAD_API 1
| #define USE_POSIX_THREADS 1
| #define USE_POSIX_THREADS_FROM_LIBC 1
| #define HAVE_PTHREAD_RWLOCK 1
| #define HAVE_PTHREAD_MUTEX_RECURSIVE 1
| #define SIZEOF_PTHREAD_MUTEX_T 40
| #define HAVE_SYS_SINGLE_THREADED_H 1
| /* end confdefs.h.  */
| 
| #include <stdio.h>
| #include <readline/readline.h>
| #include <readline/history.h>
| 
| int
| main (void)
| {
| 
| rl_completion_func_t *completer;
| add_history("foobar");
| rl_catch_signals=0;
| rl_inhibit_completion=0;
| rl_attempted_completion_function=NULL;
| rl_completion_matches(NULL,NULL);
| 
|   ;
|   return 0;
| }
configure:19528: result: no
configure:19494: checking whether readline via "-lreadline -lcurses" is present and sane
configure:19519: gcc -o conftest -g -O2 -Wall -Wpointer-arith -Wno-psabi -fvisibility=hidden   conftest.c  -lreadline -lcurses >&5
conftest.c:88:10: fatal error: readline/readline.h: No such file or directory
   88 | #include <readline/readline.h>
      |          ^~~~~~~~~~~~~~~~~~~~~
compilation terminated.
configure:19519: $? = 1
configure: failed program was:
| /* confdefs.h */
| #define PACKAGE_NAME "libgpg-error"
| #define PACKAGE_TARNAME "libgpg-error"
| #define PACKAGE_VERSION "1.56"
| #define PACKAGE_STRING "libgpg-error 1.56"
| #define PACKAGE_BUGREPORT "https://bugs.gnupg.org"
| #define PACKAGE_URL ""
| #define PACKAGE "libgpg-error"
| #define VERSION "1.56"
| #define HAVE_STDIO_H 1
| #define HAVE_STDLIB_H 1
| #define HAVE_STRING_H 1
| #define HAVE_INTTYPES_H 1
| #define HAVE_STDINT_H 1
| #define HAVE_STRINGS_H 1
| #define HAVE_SYS_STAT_H 1
| #define HAVE_SYS_TYPES_H 1
| #define HAVE_UNISTD_H 1
| #define HAVE_WCHAR_H 1
| #define HAVE_THREADS_H 1
| #define STDC_HEADERS 1
| #define _ALL_SOURCE 1
| #define _DARWIN_C_SOURCE 1
| #define _GNU_SOURCE 1
| #define _HPUX_ALT_XOPEN_SOCKET_API 1
| #define _NETBSD_SOURCE 1
| #define _OPENBSD_SOURCE 1
| #define _POSIX_PTHREAD_SEMANTICS 1
| #define __STDC_WANT_IEC_60559_ATTRIBS_EXT__ 1
| #define __STDC_WANT_IEC_60559_BFP_EXT__ 1
| #define __STDC_WANT_IEC_60559_DFP_EXT__ 1
| #define __STDC_WANT_IEC_60559_FUNCS_EXT__ 1
| #define __STDC_WANT_IEC_60559_TYPES_EXT__ 1
| #define __STDC_WANT_LIB_EXT2__ 1
| #define __STDC_WANT_MATH_SPEC_FUNCS__ 1
| #define _TANDEM_SOURCE 1
| #define __EXTENSIONS__ 1
| #define HAVE_LANGINFO_CODESET 1
| #define HAVE_DLFCN_H 1
| #define LT_OBJDIR ".libs/"
| #define ENABLE_NLS 1
| #define HAVE_GETTEXT 1
| #define HAVE_DCGETTEXT 1
| #define HAVE_LOCALE_H 1
| #define HAVE_STDINT_H 1
| #define HAVE_SYS_SELECT_H 1
| #define HAVE_SYS_TIME_H 1
| #define HAVE_SIGNAL_H 1
| #define HAVE_POLL_H 1
| #define HAVE_PWD_H 1
| #define HAVE_DECL_STRERROR_R 1
| #define HAVE_STRERROR_R 1
| #define STRERROR_R_CHAR_P 1
| #define HAVE_FLOCKFILE 1
| #define HAVE_VASPRINTF 1
| #define HAVE_MMAP 1
| #define HAVE_RAND 1
| #define HAVE_STPCPY 1
| #define HAVE_SETENV 1
| #define HAVE_STAT 1
| #define HAVE_GETRLIMIT 1
| #define HAVE_GETPWNAM 1
| #define HAVE_GETPWUID 1
| #define HAVE_GETPWNAM_R 1
| #define HAVE_GETPWUID_R 1
| #define HAVE_INET_PTON 1
| #define HAVE_GETDENTS64 1
| #define HAVE_CLOSEFROM 1
| #define SIZEOF_INT 4
| #define SIZEOF_LONG 8
| #define SIZEOF_LONG_LONG 8
| #define HAVE_SYS_STAT_H 1
| #define HAVE_UNISTD_H 1
| #define REPLACEMENT_FOR_OFF_T "long"
| #define HAVE_GCC_ATTRIBUTE_ALIGNED 1
| #define GPGRT_USE_VISIBILITY 1
| #define HAVE_WEAK_SYMBOLS 1
| #define HAVE_PTHREAD_API 1
| #define USE_POSIX_THREADS 1
| #define USE_POSIX_THREADS_FROM_LIBC 1
| #define HAVE_PTHREAD_RWLOCK 1
| #define HAVE_PTHREAD_MUTEX_RECURSIVE 1
| #define SIZEOF_PTHREAD_MUTEX_T 40
| #define HAVE_SYS_SINGLE_THREADED_H 1
| /* end confdefs.h.  */
| 
| #include <stdio.h>
| #include <readline/readline.h>
| #include <readline/history.h>
| 
| int
| main (void)
| {
| 
| rl_completion_func_t *completer;
| add_history("foobar");
| rl_catch_signals=0;
| rl_inhibit_completion=0;
| rl_attempted_completion_function=NULL;
| rl_completion_matches(NULL,NULL);
| 
|   ;
|   return 0;
| }
configure:19528: result: no
configure:19494: checking whether readline via "-lreadline -lncurses" is present and sane
configure:19519: gcc -o conftest -g -O2 -Wall -Wpointer-arith -Wno-psabi -fvisibility=hidden   conftest.c  -lreadline -lncurses >&5
conftest.c:88:10: fatal error: readline/readline.h: No such file or directory
   88 | #include <readline/readline.h>
      |          ^~~~~~~~~~~~~~~~~~~~~
compilation terminated.
configure:19519: $? = 1
configure: failed program was:
| /* confdefs.h */
| #define PACKAGE_NAME "libgpg-error"
| #define PACKAGE_TARNAME "libgpg-error"
| #define PACKAGE_VERSION "1.56"
| #define PACKAGE_STRING "libgpg-error 1.56"
| #define PACKAGE_BUGREPORT "https://bugs.gnupg.org"
| #define PACKAGE_URL ""
| #define PACKAGE "libgpg-error"
| #define VERSION "1.56"
| #define HAVE_STDIO_H 1
| #define HAVE_STDLIB_H 1
| #define HAVE_STRING_H 1
| #define HAVE_INTTYPES_H 1
| #define HAVE_STDINT_H 1
| #define HAVE_STRINGS_H 1
| #define HAVE_SYS_STAT_H 1
| #define HAVE_SYS_TYPES_H 1
| #define HAVE_UNISTD_H 1
| #define HAVE_WCHAR_H 1
| #define HAVE_THREADS_H 1
| #define STDC_HEADERS 1
| #define _ALL_SOURCE 1
| #define _DARWIN_C_SOURCE 1
| #define _GNU_SOURCE 1
| #define _HPUX_ALT_XOPEN_SOCKET_API 1
| #define _NETBSD_SOURCE 1
| #define _OPENBSD_SOURCE 1
| #define _POSIX_PTHREAD_SEMANTICS 1
| #define __STDC_WANT_IEC_60559_ATTRIBS_EXT__ 1
| #define __STDC_WANT_IEC_60559_BFP_EXT__ 1
| #define __STDC_WANT_IEC_60559_DFP_EXT__ 1
| #define __STDC_WANT_IEC_60559_FUNCS_EXT__ 1
| #define __STDC_WANT_IEC_60559_TYPES_EXT__ 1
| #define __STDC_WANT_LIB_EXT2__ 1
| #define __STDC_WANT_MATH_SPEC_FUNCS__ 1
| #define _TANDEM_SOURCE 1
| #define __EXTENSIONS__ 1
| #define HAVE_LANGINFO_CODESET 1
| #define HAVE_DLFCN_H 1
| #define LT_OBJDIR ".libs/"
| #define ENABLE_NLS 1
| #define HAVE_GETTEXT 1
| #define HAVE_DCGETTEXT 1
| #define HAVE_LOCALE_H 1
| #define HAVE_STDINT_H 1
| #define HAVE_SYS_SELECT_H 1
| #define HAVE_SYS_TIME_H 1
| #define HAVE_SIGNAL_H 1
| #define HAVE_POLL_H 1
| #define HAVE_PWD_H 1
| #define HAVE_DECL_STRERROR_R 1
| #define HAVE_STRERROR_R 1
| #define STRERROR_R_CHAR_P 1
| #define HAVE_FLOCKFILE 1
| #define HAVE_VASPRINTF 1
| #define HAVE_MMAP 1
| #define HAVE_RAND 1
| #define HAVE_STPCPY 1
| #define HAVE_SETENV 1
| #define HAVE_STAT 1
| #define HAVE_GETRLIMIT 1
| #define HAVE_GETPWNAM 1
| #define HAVE_GETPWUID 1
| #define HAVE_GETPWNAM_R 1
| #define HAVE_GETPWUID_R 1
| #define HAVE_INET_PTON 1
| #define HAVE_GETDENTS64 1
| #define HAVE_CLOSEFROM 1
| #define SIZEOF_INT 4
| #define SIZEOF_LONG 8
| #define SIZEOF_LONG_LONG 8
| #define HAVE_SYS_STAT_H 1
| #define HAVE_UNISTD_H 1
| #define REPLACEMENT_FOR_OFF_T "long"
| #define HAVE_GCC_ATTRIBUTE_ALIGNED 1
| #define GPGRT_USE_VISIBILITY 1
| #define HAVE_WEAK_SYMBOLS 1
| #define HAVE_PTHREAD_API 1
| #define USE_POSIX_THREADS 1
| #define USE_POSIX_THREADS_FROM_LIBC 1
| #define HAVE_PTHREAD_RWLOCK 1
| #define HAVE_PTHREAD_MUTEX_RECURSIVE 1
| #define SIZEOF_PTHREAD_MUTEX_T 40
| #define HAVE_SYS_SINGLE_THREADED_H 1
| /* end confdefs.h.  */
| 
| #include <stdio.h>
| #include <readline/readline.h>
| #include <readline/history.h>
| 
| int
| main (void)
| {
| 
| rl_completion_func_t *completer;
| add_history("foobar");
| rl_catch_signals=0;
| rl_inhibit_completion=0;
| rl_attempted_completion_function=NULL;
| rl_completion_matches(NULL,NULL);
| 
|   ;
|   return 0;
| }
configure:19528: result: no
configure:19556: checking for unsigned long long int
configure:19598: gcc -o conftest -g -O2 -Wall -Wpointer-arith -Wno-psabi -fvisibility=hidden   conftest.c  >&5
configure:19598: $? = 0
configure:19608: result: yes
configure:19617: checking system features for estream-printf
configure:19619: checking for stdint.h
configure:19619: result: yes
configure:19628: checking for long long int
configure:19670: gcc -o conftest -g -O2 -Wall -Wpointer-arith -Wno-psabi -fvisibility=hidden   conftest.c  >&5
configure:19670: $? = 0
configure:19670: ./conftest
configure:19670: $? = 0
configure:19683: result: yes
configure:19692: checking for long double
configure:19727: result: yes
configure:19737: checking for intmax_t
configure:19737: gcc -c -g -O2 -Wall -Wpointer-arith -Wno-psabi -fvisibility=hidden  conftest.c >&5
configure:19737: $? = 0
configure:19737: gcc -c -g -O2 -Wall -Wpointer-arith -Wno-psabi -fvisibility=hidden  conftest.c >&5
conftest.c: In function 'main':
conftest.c:121:23: error: expected expression before ')' token
  121 | if (sizeof ((intmax_t)))
      |                       ^
configure:19737: $? = 1
configure: failed program was:
| /* confdefs.h */
| #define PACKAGE_NAME "libgpg-error"
| #define PACKAGE_TARNAME "libgpg-error"
| #define PACKAGE_VERSION "1.56"
| #define PACKAGE_STRING "libgpg-error 1.56"
| #define PACKAGE_BUGREPORT "https://bugs.gnupg.org"
| #define PACKAGE_URL ""
| #define PACKAGE "libgpg-error"
| #define VERSION "1.56"
| #define HAVE_STDIO_H 1
| #define HAVE_STDLIB_H 1
| #define HAVE_STRING_H 1
| #define HAVE_INTTYPES_H 1
| #define HAVE_STDINT_H 1
| #define HAVE_STRINGS_H 1
| #define HAVE_SYS_STAT_H 1
| #define HAVE_SYS_TYPES_H 1
| #define HAVE_UNISTD_H 1
| #define HAVE_WCHAR_H 1
| #define HAVE_THREADS_H 1
| #define STDC_HEADERS 1
| #define _ALL_SOURCE 1
| #define _DARWIN_C_SOURCE 1
| #define _GNU_SOURCE 1
| #define _HPUX_ALT_XOPEN_SOCKET_API 1
| #define _NETBSD_SOURCE 1
| #define _OPENBSD_SOURCE 1
| #define _POSIX_PTHREAD_SEMANTICS 1
| #define __STDC_WANT_IEC_60559_ATTRIBS_EXT__ 1
| #define __STDC_WANT_IEC_60559_BFP_EXT__ 1
| #define __STDC_WANT_IEC_60559_DFP_EXT__ 1
| #define __STDC_WANT_IEC_60559_FUNCS_EXT__ 1
| #define __STDC_WANT_IEC_60559_TYPES_EXT__ 1
| #define __STDC_WANT_LIB_EXT2__ 1
| #define __STDC_WANT_MATH_SPEC_FUNCS__ 1
| #define _TANDEM_SOURCE 1
| #define __EXTENSIONS__ 1
| #define HAVE_LANGINFO_CODESET 1
| #define HAVE_DLFCN_H 1
| #define LT_OBJDIR ".libs/"
| #define ENABLE_NLS 1
| #define HAVE_GETTEXT 1
| #define HAVE_DCGETTEXT 1
| #define HAVE_LOCALE_H 1
| #define HAVE_STDINT_H 1
| #define HAVE_SYS_SELECT_H 1
| #define HAVE_SYS_TIME_H 1
| #define HAVE_SIGNAL_H 1
| #define HAVE_POLL_H 1
| #define HAVE_PWD_H 1
| #define HAVE_DECL_STRERROR_R 1
| #define HAVE_STRERROR_R 1
| #define STRERROR_R_CHAR_P 1
| #define HAVE_FLOCKFILE 1
| #define HAVE_VASPRINTF 1
| #define HAVE_MMAP 1
| #define HAVE_RAND 1
| #define HAVE_STPCPY 1
| #define HAVE_SETENV 1
| #define HAVE_STAT 1
| #define HAVE_GETRLIMIT 1
| #define HAVE_GETPWNAM 1
| #define HAVE_GETPWUID 1
| #define HAVE_GETPWNAM_R 1
| #define HAVE_GETPWUID_R 1
| #define HAVE_INET_PTON 1
| #define HAVE_GETDENTS64 1
| #define HAVE_CLOSEFROM 1
| #define SIZEOF_INT 4
| #define SIZEOF_LONG 8
| #define SIZEOF_LONG_LONG 8
| #define HAVE_SYS_STAT_H 1
| #define HAVE_UNISTD_H 1
| #define REPLACEMENT_FOR_OFF_T "long"
| #define HAVE_GCC_ATTRIBUTE_ALIGNED 1
| #define GPGRT_USE_VISIBILITY 1
| #define HAVE_WEAK_SYMBOLS 1
| #define HAVE_PTHREAD_API 1
| #define USE_POSIX_THREADS 1
| #define USE_POSIX_THREADS_FROM_LIBC 1
| #define HAVE_PTHREAD_RWLOCK 1
| #define HAVE_PTHREAD_MUTEX_RECURSIVE 1
| #define SIZEOF_PTHREAD_MUTEX_T 40
| #define HAVE_SYS_SINGLE_THREADED_H 1
| #define HAVE_UNSIGNED_LONG_LONG_INT 1
| #define HAVE_STDINT_H 1
| #define HAVE_LONG_LONG_INT 1
| #define HAVE_LONG_DOUBLE 1
| /* end confdefs.h.  */
| #include <stddef.h>
| #ifdef HAVE_STDIO_H
| # include <stdio.h>
| #endif
| #ifdef HAVE_STDLIB_H
| # include <stdlib.h>
| #endif
| #ifdef HAVE_STRING_H
| # include <string.h>
| #endif
| #ifdef HAVE_INTTYPES_H
| # include <inttypes.h>
| #endif
| #ifdef HAVE_STDINT_H
| # include <stdint.h>
| #endif
| #ifdef HAVE_STRINGS_H
| # include <strings.h>
| #endif
| #ifdef HAVE_SYS_TYPES_H
| # include <sys/types.h>
| #endif
| #ifdef HAVE_SYS_STAT_H
| # include <sys/stat.h>
| #endif
| #ifdef HAVE_UNISTD_H
| # include <unistd.h>
| #endif
| int
| main (void)
| {
| if (sizeof ((intmax_t)))
| 	    return 0;
|   ;
|   return 0;
| }
configure:19737: result: yes
configure:19755: checking for uintmax_t
configure:19755: gcc -c -g -O2 -Wall -Wpointer-arith -Wno-psabi -fvisibility=hidden  conftest.c >&5
configure:19755: $? = 0
configure:19755: gcc -c -g -O2 -Wall -Wpointer-arith -Wno-psabi -fvisibility=hidden  conftest.c >&5
conftest.c: In function 'main':
conftest.c:122:24: error: expected expression before ')' token
  122 | if (sizeof ((uintmax_t)))
      |                        ^
configure:19755: $? = 1
configure: failed program was:
| /* confdefs.h */
| #define PACKAGE_NAME "libgpg-error"
| #define PACKAGE_TARNAME "libgpg-error"
| #define PACKAGE_VERSION "1.56"
| #define PACKAGE_STRING "libgpg-error 1.56"
| #define PACKAGE_BUGREPORT "https://bugs.gnupg.org"
| #define PACKAGE_URL ""
| #define PACKAGE "libgpg-error"
| #define VERSION "1.56"
| #define HAVE_STDIO_H 1
| #define HAVE_STDLIB_H 1
| #define HAVE_STRING_H 1
| #define HAVE_INTTYPES_H 1
| #define HAVE_STDINT_H 1
| #define HAVE_STRINGS_H 1
| #define HAVE_SYS_STAT_H 1
| #define HAVE_SYS_TYPES_H 1
| #define HAVE_UNISTD_H 1
| #define HAVE_WCHAR_H 1
| #define HAVE_THREADS_H 1
| #define STDC_HEADERS 1
| #define _ALL_SOURCE 1
| #define _DARWIN_C_SOURCE 1
| #define _GNU_SOURCE 1
| #define _HPUX_ALT_XOPEN_SOCKET_API 1
| #define _NETBSD_SOURCE 1
| #define _OPENBSD_SOURCE 1
| #define _POSIX_PTHREAD_SEMANTICS 1
| #define __STDC_WANT_IEC_60559_ATTRIBS_EXT__ 1
| #define __STDC_WANT_IEC_60559_BFP_EXT__ 1
| #define __STDC_WANT_IEC_60559_DFP_EXT__ 1
| #define __STDC_WANT_IEC_60559_FUNCS_EXT__ 1
| #define __STDC_WANT_IEC_60559_TYPES_EXT__ 1
| #define __STDC_WANT_LIB_EXT2__ 1
| #define __STDC_WANT_MATH_SPEC_FUNCS__ 1
| #define _TANDEM_SOURCE 1
| #define __EXTENSIONS__ 1
| #define HAVE_LANGINFO_CODESET 1
| #define HAVE_DLFCN_H 1
| #define LT_OBJDIR ".libs/"
| #define ENABLE_NLS 1
| #define HAVE_GETTEXT 1
| #define HAVE_DCGETTEXT 1
| #define HAVE_LOCALE_H 1
| #define HAVE_STDINT_H 1
| #define HAVE_SYS_SELECT_H 1
| #define HAVE_SYS_TIME_H 1
| #define HAVE_SIGNAL_H 1
| #define HAVE_POLL_H 1
| #define HAVE_PWD_H 1
| #define HAVE_DECL_STRERROR_R 1
| #define HAVE_STRERROR_R 1
| #define STRERROR_R_CHAR_P 1
| #define HAVE_FLOCKFILE 1
| #define HAVE_VASPRINTF 1
| #define HAVE_MMAP 1
| #define HAVE_RAND 1
| #define HAVE_STPCPY 1
| #define HAVE_SETENV 1
| #define HAVE_STAT 1
| #define HAVE_GETRLIMIT 1
| #define HAVE_GETPWNAM 1
| #define HAVE_GETPWUID 1
| #define HAVE_GETPWNAM_R 1
| #define HAVE_GETPWUID_R 1
| #define HAVE_INET_PTON 1
| #define HAVE_GETDENTS64 1
| #define HAVE_CLOSEFROM 1
| #define SIZEOF_INT 4
| #define SIZEOF_LONG 8
| #define SIZEOF_LONG_LONG 8
| #define HAVE_SYS_STAT_H 1
| #define HAVE_UNISTD_H 1
| #define REPLACEMENT_FOR_OFF_T "long"
| #define HAVE_GCC_ATTRIBUTE_ALIGNED 1
| #define GPGRT_USE_VISIBILITY 1
| #define HAVE_WEAK_SYMBOLS 1
| #define HAVE_PTHREAD_API 1
| #define USE_POSIX_THREADS 1
| #define USE_POSIX_THREADS_FROM_LIBC 1
| #define HAVE_PTHREAD_RWLOCK 1
| #define HAVE_PTHREAD_MUTEX_RECURSIVE 1
| #define SIZEOF_PTHREAD_MUTEX_T 40
| #define HAVE_SYS_SINGLE_THREADED_H 1
| #define HAVE_UNSIGNED_LONG_LONG_INT 1
| #define HAVE_STDINT_H 1
| #define HAVE_LONG_LONG_INT 1
| #define HAVE_LONG_DOUBLE 1
| #define HAVE_INTMAX_T 1
| /* end confdefs.h.  */
| #include <stddef.h>
| #ifdef HAVE_STDIO_H
| # include <stdio.h>
| #endif
| #ifdef HAVE_STDLIB_H
| # include <stdlib.h>
| #endif
| #ifdef HAVE_STRING_H
| # include <string.h>
| #endif
| #ifdef HAVE_INTTYPES_H
| # include <inttypes.h>
| #endif
| #ifdef HAVE_STDINT_H
| # include <stdint.h>
| #endif
| #ifdef HAVE_STRINGS_H
| # include <strings.h>
| #endif
| #ifdef HAVE_SYS_TYPES_H
| # include <sys/types.h>
| #endif
| #ifdef HAVE_SYS_STAT_H
| # include <sys/stat.h>
| #endif
| #ifdef HAVE_UNISTD_H
| # include <unistd.h>
| #endif
| int
| main (void)
| {
| if (sizeof ((uintmax_t)))
| 	    return 0;
|   ;
|   return 0;
| }
configure:19755: result: yes
configure:19771: checking for ptrdiff_t
configure:19771: gcc -c -g -O2 -Wall -Wpointer-arith -Wno-psabi -fvisibility=hidden  conftest.c >&5
configure:19771: $? = 0
configure:19771: gcc -c -g -O2 -Wall -Wpointer-arith -Wno-psabi -fvisibility=hidden  conftest.c >&5
conftest.c: In function 'main':
conftest.c:123:24: error: expected expression before ')' token
  123 | if (sizeof ((ptrdiff_t)))
      |                        ^
configure:19771: $? = 1
configure: failed program was:
| /* confdefs.h */
| #define PACKAGE_NAME "libgpg-error"
| #define PACKAGE_TARNAME "libgpg-error"
| #define PACKAGE_VERSION "1.56"
| #define PACKAGE_STRING "libgpg-error 1.56"
| #define PACKAGE_BUGREPORT "https://bugs.gnupg.org"
| #define PACKAGE_URL ""
| #define PACKAGE "libgpg-error"
| #define VERSION "1.56"
| #define HAVE_STDIO_H 1
| #define HAVE_STDLIB_H 1
| #define HAVE_STRING_H 1
| #define HAVE_INTTYPES_H 1
| #define HAVE_STDINT_H 1
| #define HAVE_STRINGS_H 1
| #define HAVE_SYS_STAT_H 1
| #define HAVE_SYS_TYPES_H 1
| #define HAVE_UNISTD_H 1
| #define HAVE_WCHAR_H 1
| #define HAVE_THREADS_H 1
| #define STDC_HEADERS 1
| #define _ALL_SOURCE 1
| #define _DARWIN_C_SOURCE 1
| #define _GNU_SOURCE 1
| #define _HPUX_ALT_XOPEN_SOCKET_API 1
| #define _NETBSD_SOURCE 1
| #define _OPENBSD_SOURCE 1
| #define _POSIX_PTHREAD_SEMANTICS 1
| #define __STDC_WANT_IEC_60559_ATTRIBS_EXT__ 1
| #define __STDC_WANT_IEC_60559_BFP_EXT__ 1
| #define __STDC_WANT_IEC_60559_DFP_EXT__ 1
| #define __STDC_WANT_IEC_60559_FUNCS_EXT__ 1
| #define __STDC_WANT_IEC_60559_TYPES_EXT__ 1
| #define __STDC_WANT_LIB_EXT2__ 1
| #define __STDC_WANT_MATH_SPEC_FUNCS__ 1
| #define _TANDEM_SOURCE 1
| #define __EXTENSIONS__ 1
| #define HAVE_LANGINFO_CODESET 1
| #define HAVE_DLFCN_H 1
| #define LT_OBJDIR ".libs/"
| #define ENABLE_NLS 1
| #define HAVE_GETTEXT 1
| #define HAVE_DCGETTEXT 1
| #define HAVE_LOCALE_H 1
| #define HAVE_STDINT_H 1
| #define HAVE_SYS_SELECT_H 1
| #define HAVE_SYS_TIME_H 1
| #define HAVE_SIGNAL_H 1
| #define HAVE_POLL_H 1
| #define HAVE_PWD_H 1
| #define HAVE_DECL_STRERROR_R 1
| #define HAVE_STRERROR_R 1
| #define STRERROR_R_CHAR_P 1
| #define HAVE_FLOCKFILE 1
| #define HAVE_VASPRINTF 1
| #define HAVE_MMAP 1
| #define HAVE_RAND 1
| #define HAVE_STPCPY 1
| #define HAVE_SETENV 1
| #define HAVE_STAT 1
| #define HAVE_GETRLIMIT 1
| #define HAVE_GETPWNAM 1
| #define HAVE_GETPWUID 1
| #define HAVE_GETPWNAM_R 1
| #define HAVE_GETPWUID_R 1
| #define HAVE_INET_PTON 1
| #define HAVE_GETDENTS64 1
| #define HAVE_CLOSEFROM 1
| #define SIZEOF_INT 4
| #define SIZEOF_LONG 8
| #define SIZEOF_LONG_LONG 8
| #define HAVE_SYS_STAT_H 1
| #define HAVE_UNISTD_H 1
| #define REPLACEMENT_FOR_OFF_T "long"
| #define HAVE_GCC_ATTRIBUTE_ALIGNED 1
| #define GPGRT_USE_VISIBILITY 1
| #define HAVE_WEAK_SYMBOLS 1
| #define HAVE_PTHREAD_API 1
| #define USE_POSIX_THREADS 1
| #define USE_POSIX_THREADS_FROM_LIBC 1
| #define HAVE_PTHREAD_RWLOCK 1
| #define HAVE_PTHREAD_MUTEX_RECURSIVE 1
| #define SIZEOF_PTHREAD_MUTEX_T 40
| #define HAVE_SYS_SINGLE_THREADED_H 1
| #define HAVE_UNSIGNED_LONG_LONG_INT 1
| #define HAVE_STDINT_H 1
| #define HAVE_LONG_LONG_INT 1
| #define HAVE_LONG_DOUBLE 1
| #define HAVE_INTMAX_T 1
| #define HAVE_UINTMAX_T 1
| /* end confdefs.h.  */
| #include <stddef.h>
| #ifdef HAVE_STDIO_H
| # include <stdio.h>
| #endif
| #ifdef HAVE_STDLIB_H
| # include <stdlib.h>
| #endif
| #ifdef HAVE_STRING_H
| # include <string.h>
| #endif
| #ifdef HAVE_INTTYPES_H
| # include <inttypes.h>
| #endif
| #ifdef HAVE_STDINT_H
| # include <stdint.h>
| #endif
| #ifdef HAVE_STRINGS_H
| # include <strings.h>
| #endif
| #ifdef HAVE_SYS_TYPES_H
| # include <sys/types.h>
| #endif
| #ifdef HAVE_SYS_STAT_H
| # include <sys/stat.h>
| #endif
| #ifdef HAVE_UNISTD_H
| # include <unistd.h>
| #endif
| int
| main (void)
| {
| if (sizeof ((ptrdiff_t)))
| 	    return 0;
|   ;
|   return 0;
| }
configure:19771: result: yes
configure:19784: checking size of unsigned long
configure:19790: gcc -o conftest -g -O2 -Wall -Wpointer-arith -Wno-psabi -fvisibility=hidden   conftest.c  >&5
configure:19790: $? = 0
configure:19790: ./conftest
configure:19790: $? = 0
configure:19805: result: 8
configure:19817: checking size of void *
configure:19823: gcc -o conftest -g -O2 -Wall -Wpointer-arith -Wno-psabi -fvisibility=hidden   conftest.c  >&5
configure:19823: $? = 0
configure:19823: ./conftest
configure:19823: $? = 0
configure:19838: result: 8
configure:19846: checking for nl_langinfo and THOUSEP
configure:19863: gcc -o conftest -g -O2 -Wall -Wpointer-arith -Wno-psabi -fvisibility=hidden   conftest.c  >&5
configure:19863: $? = 0
configure:19873: result: yes
configure:19883: checking system features for estream
configure:19885: checking for memrchr
configure:19885: gcc -o conftest -g -O2 -Wall -Wpointer-arith -Wno-psabi -fvisibility=hidden   conftest.c  >&5
configure:19885: $? = 0
configure:19885: result: yes
configure:20173: checking whether to enable log_clock
configure:20183: result: no
configure:20435: checking that generated files are newer than configure
configure:20441: result: done
configure:20516: creating ./config.status

## ---------------------- ##
## Running config.status. ##
## ---------------------- ##

This file was extended by libgpg-error config.status 1.56, which was
generated by GNU Autoconf 2.71.  Invocation command line was

  CONFIG_FILES    = 
  CONFIG_HEADERS  = 
  CONFIG_LINKS    = 
  CONFIG_COMMANDS = 
  $ ./config.status 

on tr2f-VVP

config.status:1303: creating Makefile
config.status:1303: creating doc/Makefile
config.status:1303: creating po/Makefile.in
config.status:1303: creating m4/Makefile
config.status:1303: creating src/Makefile
config.status:1303: creating tests/Makefile
config.status:1303: creating lang/Makefile
config.status:1303: creating lang/cl/Makefile
config.status:1303: creating lang/cl/gpg-error.asd
config.status:1303: creating src/versioninfo.rc
config.status:1303: creating src/gpg-error.w32-manifest
config.status:1303: creating src/gpg-error.pc
config.status:1303: creating src/gpg-error-config-old
config.status:1303: creating src/gpgrt-config
config.status:1303: creating src/gpg-error-config-test.sh
config.status:1303: creating config.h
config.status:1484: config.h is unchanged
config.status:1532: executing depfiles commands
config.status:1609: cd doc       && sed -e '/# am--include-marker/d' Makefile         | make -f - am--depfiles
make: Nothing to be done for 'am--depfiles'.
config.status:1614: $? = 0
config.status:1609: cd src       && sed -e '/# am--include-marker/d' Makefile         | make -f - am--depfiles
make: Nothing to be done for 'am--depfiles'.
config.status:1614: $? = 0
config.status:1609: cd tests       && sed -e '/# am--include-marker/d' Makefile         | make -f - am--depfiles
make: Nothing to be done for 'am--depfiles'.
config.status:1614: $? = 0
config.status:1532: executing libtool commands
config.status:1532: executing po-directories commands

## ---------------- ##
## Cache variables. ##
## ---------------- ##

ac_cv_build=x86_64-pc-linux-gnu
ac_cv_c_compiler_gnu=yes
ac_cv_c_const=yes
ac_cv_c_undeclared_builtin_options='none needed'
ac_cv_env_CC_set=
ac_cv_env_CC_value=
ac_cv_env_CFLAGS_set=
ac_cv_env_CFLAGS_value=
ac_cv_env_CPPFLAGS_set=
ac_cv_env_CPPFLAGS_value=
ac_cv_env_CPP_set=
ac_cv_env_CPP_value=
ac_cv_env_LDFLAGS_set=
ac_cv_env_LDFLAGS_value=
ac_cv_env_LIBS_set=
ac_cv_env_LIBS_value=
ac_cv_env_LT_SYS_LIBRARY_PATH_set=
ac_cv_env_LT_SYS_LIBRARY_PATH_value=
ac_cv_env_build_alias_set=
ac_cv_env_build_alias_value=
ac_cv_env_host_alias_set=
ac_cv_env_host_alias_value=
ac_cv_env_target_alias_set=
ac_cv_env_target_alias_value=
ac_cv_func_closefrom=yes
ac_cv_func_flockfile=yes
ac_cv_func_getdents64=yes
ac_cv_func_getpwnam=yes
ac_cv_func_getpwnam_r=yes
ac_cv_func_getpwuid=yes
ac_cv_func_getpwuid_r=yes
ac_cv_func_getrlimit=yes
ac_cv_func_inet_pton=yes
ac_cv_func_memrchr=yes
ac_cv_func_mmap=yes
ac_cv_func_rand=yes
ac_cv_func_setenv=yes
ac_cv_func_stat=yes
ac_cv_func_stpcpy=yes
ac_cv_func_strerror_r=yes
ac_cv_func_strerror_r_char_p=yes
ac_cv_func_strlwr=no
ac_cv_func_vasprintf=yes
ac_cv_have_decl_strerror_r=yes
ac_cv_header_direct_h=no
ac_cv_header_dlfcn_h=yes
ac_cv_header_inttypes_h=yes
ac_cv_header_locale_h=yes
ac_cv_header_minix_config_h=no
ac_cv_header_poll_h=yes
ac_cv_header_pthread_h=yes
ac_cv_header_pwd_h=yes
ac_cv_header_signal_h=yes
ac_cv_header_stdint_h=yes
ac_cv_header_stdio_h=yes
ac_cv_header_stdlib_h=yes
ac_cv_header_string_h=yes
ac_cv_header_strings_h=yes
ac_cv_header_sys_select_h=yes
ac_cv_header_sys_single_threaded_h=yes
ac_cv_header_sys_stat_h=yes
ac_cv_header_sys_time_h=yes
ac_cv_header_sys_types_h=yes
ac_cv_header_threads_h=yes
ac_cv_header_unistd_h=yes
ac_cv_header_wchar_h=yes
ac_cv_host=x86_64-pc-linux-gnu
ac_cv_lib_pthread_pthread_kill=yes
ac_cv_objext=o
ac_cv_path_EGREP='/usr/bin/grep -E'
ac_cv_path_FGREP='/usr/bin/grep -F'
ac_cv_path_GMSGFMT=:
ac_cv_path_GREP=/usr/bin/grep
ac_cv_path_MSGFMT=:
ac_cv_path_MSGMERGE=:
ac_cv_path_SED=/usr/bin/sed
ac_cv_path_XGETTEXT=:
ac_cv_path_install='/usr/bin/install -c'
ac_cv_path_lt_DD=/usr/bin/dd
ac_cv_path_mkdir=/usr/bin/mkdir
ac_cv_prog_AWK=gawk
ac_cv_prog_CPP='gcc -E'
ac_cv_prog_ac_ct_AR=ar
ac_cv_prog_ac_ct_CC=gcc
ac_cv_prog_ac_ct_FILECMD=file
ac_cv_prog_ac_ct_MANIFEST_TOOL=mt
ac_cv_prog_ac_ct_OBJDUMP=objdump
ac_cv_prog_ac_ct_RANLIB=ranlib
ac_cv_prog_ac_ct_STRIP=strip
ac_cv_prog_cc_c11=
ac_cv_prog_cc_g=yes
ac_cv_prog_cc_stdc=
ac_cv_prog_make_make_set=yes
ac_cv_safe_to_define___extensions__=yes
ac_cv_search_inet_addr='none required'
ac_cv_search_sched_yield='none required'
ac_cv_search_socket='none required'
ac_cv_should_define__xopen_source=no
ac_cv_sizeof_int=4
ac_cv_sizeof_long=8
ac_cv_sizeof_long_long=8
ac_cv_sizeof_pthread_mutex_t=40
ac_cv_sizeof_unsigned_long=8
ac_cv_sizeof_void_p=8
ac_cv_sys_file_offset_bits=no
ac_cv_sys_largefile_CC=no
ac_cv_type_intmax_t=yes
ac_cv_type_long_double=yes
ac_cv_type_long_long_int=yes
ac_cv_type_pthread_rwlock_t=yes
ac_cv_type_ptrdiff_t=yes
ac_cv_type_uintmax_t=yes
ac_cv_type_unsigned_long_long_int=yes
acl_cv_hardcode_direct=no
acl_cv_hardcode_libdir_flag_spec='${wl}-rpath ${wl}$libdir'
acl_cv_hardcode_libdir_separator=
acl_cv_hardcode_minus_L=no
acl_cv_libdirstems=lib,lib,lib64
acl_cv_libext=a
acl_cv_libname_spec='lib$name'
acl_cv_library_names_spec='$libname$shrext'
acl_cv_prog_gnu_ld=yes
acl_cv_rpath=done
acl_cv_shlibext=so
acl_cv_wl=-Wl,
am_cv_CC_dependencies_compiler_type=gcc3
am_cv_langinfo_codeset=yes
am_cv_make_support_nested_variables=yes
am_cv_prog_cc_c_o=yes
estream_cv_langinfo_thousep=yes
gcry_cv_broken_alias_attribute=no
gcry_cv_broken_visibility_attribute=no
gcry_cv_gcc_attribute_aligned=yes
gcry_cv_gcc_has_f_visibility=yes
gcry_cv_visibility_attribute=yes
gl_cv_elf=yes
gl_cv_have_weak=yes
gl_cv_host_cpu_c_abi_32bit=no
gnupg_cv_have_readline=no
gnupg_cv_mkdir_takes_one_arg=no
gt_cv_func_CFLocaleCopyPreferredLanguages=no
gt_cv_func_CFPreferencesCopyAppValue=no
gt_cv_func_gnugettext1_libc=yes
lt_cv_ar_at_file=@
lt_cv_archive_cmds_need_lc=no
lt_cv_deplibs_check_method=pass_all
lt_cv_file_magic_cmd='$MAGIC_CMD'
lt_cv_file_magic_test_file=
lt_cv_ld_reload_flag=-r
lt_cv_nm_interface='BSD nm'
lt_cv_objdir=.libs
lt_cv_path_LD=/usr/bin/ld
lt_cv_path_NM='/usr/bin/nm -B'
lt_cv_path_mainfest_tool=no
lt_cv_prog_compiler_c_o=yes
lt_cv_prog_compiler_c_o_RC=yes
lt_cv_prog_compiler_pic='-fPIC -DPIC'
lt_cv_prog_compiler_pic_works=yes
lt_cv_prog_compiler_rtti_exceptions=no
lt_cv_prog_compiler_static_works=yes
lt_cv_prog_gnu_ld=yes
lt_cv_sharedlib_from_linklib_cmd='printf %s\n'
lt_cv_shlibpath_overrides_runpath=yes
lt_cv_sys_global_symbol_pipe='/usr/bin/sed -n -e '\''s/^.*[	 ]\([ABCDGIRSTW][ABCDGIRSTW]*\)[	 ][	 ]*\([_A-Za-z][_A-Za-z0-9]*\)$/\1 \2 \2/p'\'' | /usr/bin/sed '\''/ __gnu_lto/d'\'''
lt_cv_sys_global_symbol_to_c_name_address='/usr/bin/sed -n -e '\''s/^: \(.*\) .*$/  {"\1", (void *) 0},/p'\'' -e '\''s/^[ABCDGIRSTW][ABCDGIRSTW]* .* \(.*\)$/  {"\1", (void *) \&\1},/p'\'''
lt_cv_sys_global_symbol_to_c_name_address_lib_prefix='/usr/bin/sed -n -e '\''s/^: \(.*\) .*$/  {"\1", (void *) 0},/p'\'' -e '\''s/^[ABCDGIRSTW][ABCDGIRSTW]* .* \(lib.*\)$/  {"\1", (void *) \&\1},/p'\'' -e '\''s/^[ABCDGIRSTW][ABCDGIRSTW]* .* \(.*\)$/  {"lib\1", (void *) \&\1},/p'\'''
lt_cv_sys_global_symbol_to_cdecl='/usr/bin/sed -n -e '\''s/^T .* \(.*\)$/extern int \1();/p'\'' -e '\''s/^[ABCDGIRSTW][ABCDGIRSTW]* .* \(.*\)$/extern char \1;/p'\'''
lt_cv_sys_global_symbol_to_import=
lt_cv_sys_max_cmd_len=1572864
lt_cv_to_host_file_cmd=func_convert_file_noop
lt_cv_to_tool_file_cmd=func_convert_file_noop
lt_cv_truncate_bin='/usr/bin/dd bs=4096 count=1'

## ----------------- ##
## Output variables. ##
## ----------------- ##

ACLOCAL='${SHELL} '\''/home/tr2f/Downloads/libgpg-error-1.56/build-aux/missing'\'' aclocal-1.16'
AMDEPBACKSLASH='\'
AMDEP_FALSE='#'
AMDEP_TRUE=''
AMTAR='$${TAR-tar}'
AM_BACKSLASH='\'
AM_DEFAULT_V='$(AM_DEFAULT_VERBOSITY)'
AM_DEFAULT_VERBOSITY='1'
AM_V='$(V)'
AR='ar'
AS='as'
AUTOCONF='${SHELL} '\''/home/tr2f/Downloads/libgpg-error-1.56/build-aux/missing'\'' autoconf'
AUTOHEADER='${SHELL} '\''/home/tr2f/Downloads/libgpg-error-1.56/build-aux/missing'\'' autoheader'
AUTOMAKE='${SHELL} '\''/home/tr2f/Downloads/libgpg-error-1.56/build-aux/missing'\'' automake-1.16'
AWK='gawk'
BUILD_DOC_FALSE='#'
BUILD_DOC_TRUE=''
BUILD_FILEVERSION='1,56,0,46006'
BUILD_GPGSCM_FALSE=''
BUILD_GPGSCM_TRUE='#'
BUILD_REVISION='b3b68bd'
BUILD_TESTS_FALSE='#'
BUILD_TESTS_TRUE=''
BUILD_TIMESTAMP='<none>'
BUILD_VERSION='1.56.0.46006'
CC='gcc'
CCDEPMODE='depmode=gcc3'
CC_FOR_BUILD='$(CC)'
CFLAGS='-g -O2 -Wall -Wpointer-arith -Wno-psabi -fvisibility=hidden'
CPP='gcc -E'
CPPFLAGS=''
CROSS_COMPILING_FALSE=''
CROSS_COMPILING_TRUE='#'
CSCOPE='cscope'
CTAGS='ctags'
CYGPATH_W='echo'
DEFS='-DHAVE_CONFIG_H'
DEPDIR='.deps'
DLLTOOL='false'
DSYMUTIL=''
DUMPBIN=''
ECHO_C=''
ECHO_N='-n'
ECHO_T=''
EGREP='/usr/bin/grep -E'
ETAGS='etags'
EXEEXT=''
EXEEXT_FOR_BUILD='$(EXEEXT)'
EXTRA_LIBS_FOR_BUILD=''
FGREP='/usr/bin/grep -F'
FILECMD='file'
FORCE_USE_SYSCFG_FALSE=''
FORCE_USE_SYSCFG_TRUE='#'
GETTEXT_MACRO_VERSION='0.20'
GMSGFMT=':'
GMSGFMT_015=':'
GPG_ERROR_CONFIG_CFLAGS='-I${includedir}'
GPG_ERROR_CONFIG_HOST='x86_64-pc-linux-gnu'
GPG_ERROR_CONFIG_LIBS='-L${libdir} -lgpg-error'
GPG_ERROR_CONFIG_LIBS_PRIVATE=''
GPG_ERROR_CONFIG_MT_CFLAGS=''
GPG_ERROR_CONFIG_MT_LIBS=''
GREP='/usr/bin/grep'
HAVE_GENERATED_LOCK_OBJ_H_FALSE=''
HAVE_GENERATED_LOCK_OBJ_H_TRUE='#'
HAVE_LD_VERSION_SCRIPT_FALSE='#'
HAVE_LD_VERSION_SCRIPT_TRUE=''
HAVE_LOCK_OPTIMIZATION_FALSE='#'
HAVE_LOCK_OPTIMIZATION_TRUE=''
HAVE_W32_SYSTEM_FALSE=''
HAVE_W32_SYSTEM_TRUE='#'
HAVE_W64_SYSTEM_FALSE=''
HAVE_W64_SYSTEM_TRUE='#'
INSTALLSHELLPATH='/bin/sh'
INSTALL_DATA='${INSTALL} -m 644'
INSTALL_GPG_ERROR_CONFIG_FALSE=''
INSTALL_GPG_ERROR_CONFIG_TRUE='#'
INSTALL_PROGRAM='${INSTALL}'
INSTALL_SCRIPT='${INSTALL}'
INSTALL_STRIP_PROGRAM='$(install_sh) -c -s'
INTLLIBS=''
INTL_MACOSX_LIBS=''
LANGUAGES_SOME_FALSE='#'
LANGUAGES_SOME_TRUE=''
LD='/usr/bin/ld -m elf_x86_64'
LDADD_FOR_TESTS_KLUDGE=''
LDFLAGS=''
LIBGPG_ERROR_LT_AGE='40'
LIBGPG_ERROR_LT_CURRENT='40'
LIBGPG_ERROR_LT_REVISION='0'
LIBICONV='-liconv'
LIBINTL=''
LIBMULTITHREAD=''
LIBOBJS=''
LIBPMULTITHREAD=''
LIBPTHREAD=''
LIBREADLINE=''
LIBS=''
LIBSTDTHREAD=''
LIBTHREAD=''
LIBTOOL='$(SHELL) $(top_builddir)/libtool'
LIB_NETWORK=''
LIB_SCHED_YIELD=''
LIPO=''
LN_S='ln -s'
LTLIBICONV='-liconv'
LTLIBINTL=''
LTLIBMULTITHREAD=''
LTLIBOBJS=''
LTLIBTHREAD=''
LT_SYS_LIBRARY_PATH=''
MAINT='#'
MAINTAINER_MODE_FALSE=''
MAINTAINER_MODE_TRUE='#'
MAKEINFO='${SHELL} '\''/home/tr2f/Downloads/libgpg-error-1.56/build-aux/missing'\'' makeinfo'
MANIFEST_TOOL=':'
MKDIR_P='/usr/bin/mkdir -p'
MSGFMT=':'
MSGMERGE=':'
MSGMERGE_FOR_MSGFMT_OPTION='--no-location --quiet'
NM='/usr/bin/nm -B'
NMEDIT=''
OBJDUMP='objdump'
OBJEXT='o'
OTOOL64=''
OTOOL=''
PACKAGE='libgpg-error'
PACKAGE_BUGREPORT='https://bugs.gnupg.org'
PACKAGE_NAME='libgpg-error'
PACKAGE_STRING='libgpg-error 1.56'
PACKAGE_TARNAME='libgpg-error'
PACKAGE_URL=''
PACKAGE_VERSION='1.56'
PATH_SEPARATOR=':'
POSUB='po'
RANLIB='ranlib'
RC=''
SED='/usr/bin/sed'
SET_MAKE=''
SHELL='/bin/bash'
STRIP='strip'
USE_NLS='yes'
VERSION='1.56'
VERSION_NUMBER='0x013800'
XGETTEXT=':'
XGETTEXT_015=':'
XGETTEXT_EXTRA_OPTIONS=''
ac_ct_AR='ar'
ac_ct_CC='gcc'
ac_ct_DUMPBIN=''
am__EXEEXT_FALSE=''
am__EXEEXT_TRUE='#'
am__fastdepCC_FALSE='#'
am__fastdepCC_TRUE=''
am__include='include'
am__isrc=''
am__leading_dot='.'
am__nodep='_no'
am__quote=''
am__tar='$${TAR-tar} chof - "$$tardir"'
am__untar='$${TAR-tar} xf -'
bindir='${exec_prefix}/bin'
build='x86_64-pc-linux-gnu'
build_alias=''
build_cpu='x86_64'
build_os='linux-gnu'
build_vendor='pc'
datadir='${datarootdir}'
datarootdir='${prefix}/share'
docdir='${datarootdir}/doc/${PACKAGE_TARNAME}'
dvidir='${docdir}'
exec_prefix='${prefix}'
host='x86_64-pc-linux-gnu'
host_alias=''
host_cpu='x86_64'
host_os='linux-gnu'
host_vendor='pc'
htmldir='${docdir}'
includedir='${prefix}/include'
infodir='${datarootdir}/info'
install_sh='${SHELL} /home/tr2f/Downloads/libgpg-error-1.56/build-aux/install-sh'
libdir='${exec_prefix}/lib'
libexecdir='${exec_prefix}/libexec'
localedir='${datarootdir}/locale'
localstatedir='${prefix}/var'
mandir='${datarootdir}/man'
mkdir_p='$(MKDIR_P)'
oldincludedir='/usr/include'
pdfdir='${docdir}'
prefix='/usr/local/libgpg-error-1.56'
program_transform_name='s,x,x,'
psdir='${docdir}'
runstatedir='${localstatedir}/run'
sbindir='${exec_prefix}/sbin'
sharedstatedir='${prefix}/com'
sysconfdir='${prefix}/etc'
target_alias=''

## ----------- ##
## confdefs.h. ##
## ----------- ##

/* confdefs.h */
#define PACKAGE_NAME "libgpg-error"
#define PACKAGE_TARNAME "libgpg-error"
#define PACKAGE_VERSION "1.56"
#define PACKAGE_STRING "libgpg-error 1.56"
#define PACKAGE_BUGREPORT "https://bugs.gnupg.org"
#define PACKAGE_URL ""
#define PACKAGE "libgpg-error"
#define VERSION "1.56"
#define HAVE_STDIO_H 1
#define HAVE_STDLIB_H 1
#define HAVE_STRING_H 1
#define HAVE_INTTYPES_H 1
#define HAVE_STDINT_H 1
#define HAVE_STRINGS_H 1
#define HAVE_SYS_STAT_H 1
#define HAVE_SYS_TYPES_H 1
#define HAVE_UNISTD_H 1
#define HAVE_WCHAR_H 1
#define HAVE_THREADS_H 1
#define STDC_HEADERS 1
#define _ALL_SOURCE 1
#define _DARWIN_C_SOURCE 1
#define _GNU_SOURCE 1
#define _HPUX_ALT_XOPEN_SOCKET_API 1
#define _NETBSD_SOURCE 1
#define _OPENBSD_SOURCE 1
#define _POSIX_PTHREAD_SEMANTICS 1
#define __STDC_WANT_IEC_60559_ATTRIBS_EXT__ 1
#define __STDC_WANT_IEC_60559_BFP_EXT__ 1
#define __STDC_WANT_IEC_60559_DFP_EXT__ 1
#define __STDC_WANT_IEC_60559_FUNCS_EXT__ 1
#define __STDC_WANT_IEC_60559_TYPES_EXT__ 1
#define __STDC_WANT_LIB_EXT2__ 1
#define __STDC_WANT_MATH_SPEC_FUNCS__ 1
#define _TANDEM_SOURCE 1
#define __EXTENSIONS__ 1
#define HAVE_LANGINFO_CODESET 1
#define HAVE_DLFCN_H 1
#define LT_OBJDIR ".libs/"
#define ENABLE_NLS 1
#define HAVE_GETTEXT 1
#define HAVE_DCGETTEXT 1
#define HAVE_LOCALE_H 1
#define HAVE_STDINT_H 1
#define HAVE_SYS_SELECT_H 1
#define HAVE_SYS_TIME_H 1
#define HAVE_SIGNAL_H 1
#define HAVE_POLL_H 1
#define HAVE_PWD_H 1
#define HAVE_DECL_STRERROR_R 1
#define HAVE_STRERROR_R 1
#define STRERROR_R_CHAR_P 1
#define HAVE_FLOCKFILE 1
#define HAVE_VASPRINTF 1
#define HAVE_MMAP 1
#define HAVE_RAND 1
#define HAVE_STPCPY 1
#define HAVE_SETENV 1
#define HAVE_STAT 1
#define HAVE_GETRLIMIT 1
#define HAVE_GETPWNAM 1
#define HAVE_GETPWUID 1
#define HAVE_GETPWNAM_R 1
#define HAVE_GETPWUID_R 1
#define HAVE_INET_PTON 1
#define HAVE_GETDENTS64 1
#define HAVE_CLOSEFROM 1
#define SIZEOF_INT 4
#define SIZEOF_LONG 8
#define SIZEOF_LONG_LONG 8
#define HAVE_SYS_STAT_H 1
#define HAVE_UNISTD_H 1
#define REPLACEMENT_FOR_OFF_T "long"
#define HAVE_GCC_ATTRIBUTE_ALIGNED 1
#define GPGRT_USE_VISIBILITY 1
#define HAVE_WEAK_SYMBOLS 1
#define HAVE_PTHREAD_API 1
#define USE_POSIX_THREADS 1
#define USE_POSIX_THREADS_FROM_LIBC 1
#define HAVE_PTHREAD_RWLOCK 1
#define HAVE_PTHREAD_MUTEX_RECURSIVE 1
#define SIZEOF_PTHREAD_MUTEX_T 40
#define HAVE_SYS_SINGLE_THREADED_H 1
#define HAVE_UNSIGNED_LONG_LONG_INT 1
#define HAVE_STDINT_H 1
#define HAVE_LONG_LONG_INT 1
#define HAVE_LONG_DOUBLE 1
#define HAVE_INTMAX_T 1
#define HAVE_UINTMAX_T 1
#define HAVE_PTRDIFF_T 1
#define SIZEOF_UNSIGNED_LONG 8
#define SIZEOF_VOID_P 8
#define HAVE_LANGINFO_THOUSEP 1
#define HAVE_MEMRCHR 1
#define HOST_TRIPLET_STRING "x86_64-pc-linux-gnu"
#define BUILD_COMMITID "b3b68bde07b02dd2b6d78356ac90baa652a309fa"
#define BUILD_TIMESTAMP "<none>"

configure: exit 0
